SF:/Users/jkh/Code/ai/cogni/cogni-client/src/builder.rs
FN:88,_RNvMNtCs7KwJKxSQlzX_12cogni_client7builderNtB2_14RequestBuilder10max_tokens
FN:118,_RNvMNtCs7KwJKxSQlzX_12cogni_client7builderNtB2_14RequestBuilder10parameters
FN:82,_RNvMNtCs7KwJKxSQlzX_12cogni_client7builderNtB2_14RequestBuilder11temperature
FN:64,_RNvMNtCs7KwJKxSQlzX_12cogni_client7builderNtB2_14RequestBuilder12with_message
FN:136,_RNvMNtCs7KwJKxSQlzX_12cogni_client7builderNtB2_14RequestBuilder15response_format
FN:106,_RNvMNtCs7KwJKxSQlzX_12cogni_client7builderNtB2_14RequestBuilder16presence_penalty
FN:100,_RNvMNtCs7KwJKxSQlzX_12cogni_client7builderNtB2_14RequestBuilder17frequency_penalty
FN:34,_RNvMNtCs7KwJKxSQlzX_12cogni_client7builderNtB2_14RequestBuilder3new
FN:161,_RNvMNtCs7KwJKxSQlzX_12cogni_client7builderNtB2_14RequestBuilder5build
FN:94,_RNvMNtCs7KwJKxSQlzX_12cogni_client7builderNtB2_14RequestBuilder5top_p
FN:151,_RNvMNtCs7KwJKxSQlzX_12cogni_client7builderNtB2_14RequestBuilder9json_mode
FN:176,_RNvMNtCs7KwJKxSQlzX_12cogni_client7builderNtB2_14RequestBuilder9try_build
FN:44,_RINvMNtCshZjyUOIHxJx_12cogni_client7builderNtB3_14RequestBuilder4userReEB5_
FN:76,_RINvMNtCshZjyUOIHxJx_12cogni_client7builderNtB3_14RequestBuilder5modelNtNtNtCsagf8dG4onv5_10cogni_core5types7request5ModelEB5_
FN:76,_RINvMNtCshZjyUOIHxJx_12cogni_client7builderNtB3_14RequestBuilder5modelReEB5_
FN:39,_RINvMNtCshZjyUOIHxJx_12cogni_client7builderNtB3_14RequestBuilder6systemReEB5_
FN:54,_RINvMNtCshZjyUOIHxJx_12cogni_client7builderNtB3_14RequestBuilder7messageNtNtCse1nGBsou5OW_5alloc6string6StringEB5_
FN:142,_RINvMNtCshZjyUOIHxJx_12cogni_client7builderNtB3_14RequestBuilder22with_structured_outputpEB5_
FN:112,_RINvMNtCshZjyUOIHxJx_12cogni_client7builderNtB3_14RequestBuilder4stoppEB5_
FN:124,_RINvMNtCshZjyUOIHxJx_12cogni_client7builderNtB3_14RequestBuilder4toolpEB5_
FN:130,_RINvMNtCshZjyUOIHxJx_12cogni_client7builderNtB3_14RequestBuilder5toolspEB5_
FN:70,_RINvMNtCshZjyUOIHxJx_12cogni_client7builderNtB3_14RequestBuilder8messagespEB5_
FN:49,_RINvMNtCshZjyUOIHxJx_12cogni_client7builderNtB3_14RequestBuilder9assistantpEB5_
FN:64,_RNvMNtCshZjyUOIHxJx_12cogni_client7builderNtB2_14RequestBuilder12with_message
FN:136,_RNvMNtCshZjyUOIHxJx_12cogni_client7builderNtB2_14RequestBuilder15response_format
FN:106,_RNvMNtCshZjyUOIHxJx_12cogni_client7builderNtB2_14RequestBuilder16presence_penalty
FN:100,_RNvMNtCshZjyUOIHxJx_12cogni_client7builderNtB2_14RequestBuilder17frequency_penalty
FN:151,_RNvMNtCshZjyUOIHxJx_12cogni_client7builderNtB2_14RequestBuilder9json_mode
FN:203,_RNvNtNtCshZjyUOIHxJx_12cogni_client7builder5testss_18test_builder_basic
FN:229,_RNvNtNtCshZjyUOIHxJx_12cogni_client7builder5testss_23test_builder_with_model
FN:242,_RNvNtNtCshZjyUOIHxJx_12cogni_client7builder5testss_26test_try_build_no_messages
FN:215,_RNvNtNtCshZjyUOIHxJx_12cogni_client7builder5testss_28test_builder_with_parameters
FN:237,_RNvNtNtCshZjyUOIHxJx_12cogni_client7builder5testss_31test_builder_no_messages_panics
FN:88,_RNvMNtCshZjyUOIHxJx_12cogni_client7builderNtB2_14RequestBuilder10max_tokens
FN:118,_RNvMNtCshZjyUOIHxJx_12cogni_client7builderNtB2_14RequestBuilder10parameters
FN:82,_RNvMNtCshZjyUOIHxJx_12cogni_client7builderNtB2_14RequestBuilder11temperature
FN:34,_RNvMNtCshZjyUOIHxJx_12cogni_client7builderNtB2_14RequestBuilder3new
FN:161,_RNvMNtCshZjyUOIHxJx_12cogni_client7builderNtB2_14RequestBuilder5build
FN:94,_RNvMNtCshZjyUOIHxJx_12cogni_client7builderNtB2_14RequestBuilder5top_p
FN:176,_RNvMNtCshZjyUOIHxJx_12cogni_client7builderNtB2_14RequestBuilder9try_build
FN:142,_RINvMNtCs7KwJKxSQlzX_12cogni_client7builderNtB3_14RequestBuilder22with_structured_outputNtCsQadenfUz7B_22structured_output_test13TestStructureEB1q_
FN:44,_RINvMNtCs7KwJKxSQlzX_12cogni_client7builderNtB3_14RequestBuilder4userReECsQadenfUz7B_22structured_output_test
FN:76,_RINvMNtCs7KwJKxSQlzX_12cogni_client7builderNtB3_14RequestBuilder5modelNtNtNtCsagf8dG4onv5_10cogni_core5types7request5ModelECsQadenfUz7B_22structured_output_test
FN:76,_RINvMNtCs7KwJKxSQlzX_12cogni_client7builderNtB3_14RequestBuilder5modelReECsQadenfUz7B_22structured_output_test
FN:39,_RINvMNtCs7KwJKxSQlzX_12cogni_client7builderNtB3_14RequestBuilder6systemReECsQadenfUz7B_22structured_output_test
FN:54,_RINvMNtCs7KwJKxSQlzX_12cogni_client7builderNtB3_14RequestBuilder7messageNtNtCse1nGBsou5OW_5alloc6string6StringECsQadenfUz7B_22structured_output_test
FNDA:0,_RNvMNtCs7KwJKxSQlzX_12cogni_client7builderNtB2_14RequestBuilder10max_tokens
FNDA:2,_RNvMNtCs7KwJKxSQlzX_12cogni_client7builderNtB2_14RequestBuilder10parameters
FNDA:0,_RNvMNtCs7KwJKxSQlzX_12cogni_client7builderNtB2_14RequestBuilder11temperature
FNDA:0,_RNvMNtCs7KwJKxSQlzX_12cogni_client7builderNtB2_14RequestBuilder12with_message
FNDA:2,_RNvMNtCs7KwJKxSQlzX_12cogni_client7builderNtB2_14RequestBuilder15response_format
FNDA:0,_RNvMNtCs7KwJKxSQlzX_12cogni_client7builderNtB2_14RequestBuilder16presence_penalty
FNDA:0,_RNvMNtCs7KwJKxSQlzX_12cogni_client7builderNtB2_14RequestBuilder17frequency_penalty
FNDA:4,_RNvMNtCs7KwJKxSQlzX_12cogni_client7builderNtB2_14RequestBuilder3new
FNDA:4,_RNvMNtCs7KwJKxSQlzX_12cogni_client7builderNtB2_14RequestBuilder5build
FNDA:0,_RNvMNtCs7KwJKxSQlzX_12cogni_client7builderNtB2_14RequestBuilder5top_p
FNDA:1,_RNvMNtCs7KwJKxSQlzX_12cogni_client7builderNtB2_14RequestBuilder9json_mode
FNDA:0,_RNvMNtCs7KwJKxSQlzX_12cogni_client7builderNtB2_14RequestBuilder9try_build
FNDA:4,_RINvMNtCshZjyUOIHxJx_12cogni_client7builderNtB3_14RequestBuilder4userReEB5_
FNDA:1,_RINvMNtCshZjyUOIHxJx_12cogni_client7builderNtB3_14RequestBuilder5modelNtNtNtCsagf8dG4onv5_10cogni_core5types7request5ModelEB5_
FNDA:1,_RINvMNtCshZjyUOIHxJx_12cogni_client7builderNtB3_14RequestBuilder5modelReEB5_
FNDA:2,_RINvMNtCshZjyUOIHxJx_12cogni_client7builderNtB3_14RequestBuilder6systemReEB5_
FNDA:6,_RINvMNtCshZjyUOIHxJx_12cogni_client7builderNtB3_14RequestBuilder7messageNtNtCse1nGBsou5OW_5alloc6string6StringEB5_
FNDA:0,_RINvMNtCshZjyUOIHxJx_12cogni_client7builderNtB3_14RequestBuilder22with_structured_outputpEB5_
FNDA:0,_RINvMNtCshZjyUOIHxJx_12cogni_client7builderNtB3_14RequestBuilder4stoppEB5_
FNDA:0,_RINvMNtCshZjyUOIHxJx_12cogni_client7builderNtB3_14RequestBuilder4toolpEB5_
FNDA:0,_RINvMNtCshZjyUOIHxJx_12cogni_client7builderNtB3_14RequestBuilder5toolspEB5_
FNDA:0,_RINvMNtCshZjyUOIHxJx_12cogni_client7builderNtB3_14RequestBuilder8messagespEB5_
FNDA:0,_RINvMNtCshZjyUOIHxJx_12cogni_client7builderNtB3_14RequestBuilder9assistantpEB5_
FNDA:0,_RNvMNtCshZjyUOIHxJx_12cogni_client7builderNtB2_14RequestBuilder12with_message
FNDA:0,_RNvMNtCshZjyUOIHxJx_12cogni_client7builderNtB2_14RequestBuilder15response_format
FNDA:0,_RNvMNtCshZjyUOIHxJx_12cogni_client7builderNtB2_14RequestBuilder16presence_penalty
FNDA:0,_RNvMNtCshZjyUOIHxJx_12cogni_client7builderNtB2_14RequestBuilder17frequency_penalty
FNDA:0,_RNvMNtCshZjyUOIHxJx_12cogni_client7builderNtB2_14RequestBuilder9json_mode
FNDA:1,_RNvNtNtCshZjyUOIHxJx_12cogni_client7builder5testss_18test_builder_basic
FNDA:1,_RNvNtNtCshZjyUOIHxJx_12cogni_client7builder5testss_23test_builder_with_model
FNDA:1,_RNvNtNtCshZjyUOIHxJx_12cogni_client7builder5testss_26test_try_build_no_messages
FNDA:1,_RNvNtNtCshZjyUOIHxJx_12cogni_client7builder5testss_28test_builder_with_parameters
FNDA:1,_RNvNtNtCshZjyUOIHxJx_12cogni_client7builder5testss_31test_builder_no_messages_panics
FNDA:1,_RNvMNtCshZjyUOIHxJx_12cogni_client7builderNtB2_14RequestBuilder10max_tokens
FNDA:1,_RNvMNtCshZjyUOIHxJx_12cogni_client7builderNtB2_14RequestBuilder10parameters
FNDA:2,_RNvMNtCshZjyUOIHxJx_12cogni_client7builderNtB2_14RequestBuilder11temperature
FNDA:6,_RNvMNtCshZjyUOIHxJx_12cogni_client7builderNtB2_14RequestBuilder3new
FNDA:5,_RNvMNtCshZjyUOIHxJx_12cogni_client7builderNtB2_14RequestBuilder5build
FNDA:1,_RNvMNtCshZjyUOIHxJx_12cogni_client7builderNtB2_14RequestBuilder5top_p
FNDA:1,_RNvMNtCshZjyUOIHxJx_12cogni_client7builderNtB2_14RequestBuilder9try_build
FNDA:1,_RINvMNtCs7KwJKxSQlzX_12cogni_client7builderNtB3_14RequestBuilder22with_structured_outputNtCsQadenfUz7B_22structured_output_test13TestStructureEB1q_
FNDA:4,_RINvMNtCs7KwJKxSQlzX_12cogni_client7builderNtB3_14RequestBuilder4userReECsQadenfUz7B_22structured_output_test
FNDA:2,_RINvMNtCs7KwJKxSQlzX_12cogni_client7builderNtB3_14RequestBuilder5modelNtNtNtCsagf8dG4onv5_10cogni_core5types7request5ModelECsQadenfUz7B_22structured_output_test
FNDA:2,_RINvMNtCs7KwJKxSQlzX_12cogni_client7builderNtB3_14RequestBuilder5modelReECsQadenfUz7B_22structured_output_test
FNDA:2,_RINvMNtCs7KwJKxSQlzX_12cogni_client7builderNtB3_14RequestBuilder6systemReECsQadenfUz7B_22structured_output_test
FNDA:6,_RINvMNtCs7KwJKxSQlzX_12cogni_client7builderNtB3_14RequestBuilder7messageNtNtCse1nGBsou5OW_5alloc6string6StringECsQadenfUz7B_22structured_output_test
FNF:27
FNH:19
DA:34,10
DA:35,10
DA:36,10
DA:39,4
DA:40,4
DA:41,4
DA:44,8
DA:45,8
DA:46,8
DA:49,0
DA:50,0
DA:51,0
DA:54,12
DA:55,12
DA:56,12
DA:57,12
DA:58,12
DA:59,12
DA:60,12
DA:61,12
DA:64,0
DA:65,0
DA:66,0
DA:67,0
DA:70,0
DA:71,0
DA:72,0
DA:73,0
DA:76,6
DA:77,6
DA:78,6
DA:79,6
DA:82,2
DA:83,2
DA:84,2
DA:85,2
DA:88,1
DA:89,1
DA:90,1
DA:91,1
DA:94,1
DA:95,1
DA:96,1
DA:97,1
DA:100,0
DA:101,0
DA:102,0
DA:103,0
DA:106,0
DA:107,0
DA:108,0
DA:109,0
DA:112,0
DA:113,0
DA:114,0
DA:115,0
DA:118,3
DA:119,3
DA:120,3
DA:121,3
DA:124,0
DA:125,0
DA:126,0
DA:127,0
DA:130,0
DA:131,0
DA:132,0
DA:133,0
DA:136,2
DA:137,2
DA:138,2
DA:139,2
DA:142,1
DA:143,1
DA:144,1
DA:145,1
DA:146,1
DA:147,1
DA:148,1
DA:151,1
DA:152,1
DA:153,1
DA:154,1
DA:161,9
DA:162,9
DA:163,1
DA:164,8
DA:165,8
DA:166,8
DA:167,8
DA:168,8
DA:169,8
DA:170,8
DA:171,8
DA:172,8
DA:173,8
DA:176,1
DA:177,1
DA:178,1
DA:179,0
DA:180,0
DA:181,0
DA:182,0
DA:183,0
DA:184,0
DA:185,0
DA:186,0
DA:187,0
DA:188,1
DA:203,1
DA:204,1
DA:205,1
DA:206,1
DA:207,1
DA:208,1
DA:209,1
DA:210,1
DA:211,1
DA:212,1
DA:215,1
DA:216,1
DA:217,1
DA:218,1
DA:219,1
DA:220,1
DA:221,1
DA:222,1
DA:223,1
DA:224,1
DA:225,1
DA:226,1
DA:229,1
DA:230,1
DA:231,1
DA:232,1
DA:233,1
DA:237,1
DA:238,1
DA:239,1
DA:242,1
DA:243,1
DA:244,1
DA:245,1
BRF:0
BRH:0
LF:143
LH:103
end_of_record
SF:/Users/jkh/Code/ai/cogni/cogni-client/src/client.rs
FN:92,_RNvMNtCs7KwJKxSQlzX_12cogni_client6clientINtB2_6ClientNtCsgyDhXtLpw1x_21agentic_features_test12MockProviderE10with_stateBS_
FN:51,_RNvMNtCs7KwJKxSQlzX_12cogni_client6clientINtB2_6ClientNtCsgyDhXtLpw1x_21agentic_features_test12MockProviderE3newBS_
FN:92,_RNvMNtCs7KwJKxSQlzX_12cogni_client6clientINtB2_6ClientNtNtNtCs1EirRVmYTZ6_15cogni_providers6openai8provider6OpenAIE10with_stateCsgyDhXtLpw1x_21agentic_features_test
FN:51,_RNvMNtCs7KwJKxSQlzX_12cogni_client6clientINtB2_6ClientNtNtNtCs1EirRVmYTZ6_15cogni_providers6openai8provider6OpenAIE3newCsgyDhXtLpw1x_21agentic_features_test
FN:60,_RINvMNtCshZjyUOIHxJx_12cogni_client6clientINtB3_6ClientpE10with_modelpEB5_
FN:213,_RINvMNtCshZjyUOIHxJx_12cogni_client6clientINtB3_6ClientpE15chat_structuredppEB5_
FN:357,_RINvMs3_NtCshZjyUOIHxJx_12cogni_client6clientINtB6_23ConnectedRequestBuilderpE22with_structured_outputpEB8_
FN:345,_RINvMs3_NtCshZjyUOIHxJx_12cogni_client6clientINtB6_23ConnectedRequestBuilderpE4toolpEB8_
FN:315,_RINvMs3_NtCshZjyUOIHxJx_12cogni_client6clientINtB6_23ConnectedRequestBuilderpE5modelpEB8_
FN:309,_RINvMs3_NtCshZjyUOIHxJx_12cogni_client6clientINtB6_23ConnectedRequestBuilderpE7messagepEB8_
FN:339,_RINvMs3_NtCshZjyUOIHxJx_12cogni_client6clientINtB6_23ConnectedRequestBuilderpE8messagespEB8_
FN:303,_RINvMs3_NtCshZjyUOIHxJx_12cogni_client6clientINtB6_23ConnectedRequestBuilderpE9assistantpEB8_
FN:217,_RNCINvMNtCshZjyUOIHxJx_12cogni_client6clientINtB5_6ClientpE15chat_structuredppE0B7_
FN:239,_RNCNvMNtCshZjyUOIHxJx_12cogni_client6clientINtB4_6ClientpE14execute_stream0B6_
FN:415,_RNCNvMs3_NtCshZjyUOIHxJx_12cogni_client6clientINtB7_23ConnectedRequestBuilderpE6stream0B9_
FN:92,_RNvMNtCshZjyUOIHxJx_12cogni_client6clientINtB2_6ClientpE10with_stateB4_
FN:239,_RNvMNtCshZjyUOIHxJx_12cogni_client6clientINtB2_6ClientpE14execute_streamB4_
FN:66,_RNvMNtCshZjyUOIHxJx_12cogni_client6clientINtB2_6ClientpE15with_parametersB4_
FN:229,_RNvMNtCshZjyUOIHxJx_12cogni_client6clientINtB2_6ClientpE8providerB4_
FN:327,_RNvMs3_NtCshZjyUOIHxJx_12cogni_client6clientINtB5_23ConnectedRequestBuilderpE10max_tokensB7_
FN:333,_RNvMs3_NtCshZjyUOIHxJx_12cogni_client6clientINtB5_23ConnectedRequestBuilderpE10parametersB7_
FN:351,_RNvMs3_NtCshZjyUOIHxJx_12cogni_client6clientINtB5_23ConnectedRequestBuilderpE15response_formatB7_
FN:392,_RNvMs3_NtCshZjyUOIHxJx_12cogni_client6clientINtB5_23ConnectedRequestBuilderpE20with_context_managerB7_
FN:398,_RNvMs3_NtCshZjyUOIHxJx_12cogni_client6clientINtB5_23ConnectedRequestBuilderpE5buildB7_
FN:415,_RNvMs3_NtCshZjyUOIHxJx_12cogni_client6clientINtB5_23ConnectedRequestBuilderpE6streamB7_
FN:363,_RNvMs3_NtCshZjyUOIHxJx_12cogni_client6clientINtB5_23ConnectedRequestBuilderpE9json_modeB7_
FN:264,_RNvXs1_NtCshZjyUOIHxJx_12cogni_client6clientNtB5_12MessageInputINtNtCsfvfooZQ3Axs_4core7convert4FromINtNtCse1nGBsou5OW_5alloc3vec3VecNtNtNtCsagf8dG4onv5_10cogni_core5types7message7MessageEE4from
FN:463,_RNCNvNtNtCshZjyUOIHxJx_12cogni_client6client5testss_16test_simple_chat0B7_
FN:470,_RNCNvNtNtCshZjyUOIHxJx_12cogni_client6client5testss_19test_streaming_chat0B7_
FN:483,_RNCNvNtNtCshZjyUOIHxJx_12cogni_client6client5testss_20test_request_builder0B7_
FN:448,_RNCNvXNtNtCshZjyUOIHxJx_12cogni_client6client5testsNtB4_12MockProviderNtNtCsagf8dG4onv5_10cogni_core8provider8Provider6stream0B8_
FN:440,_RNCNvXNtNtCshZjyUOIHxJx_12cogni_client6client5testsNtB4_12MockProviderNtNtCsagf8dG4onv5_10cogni_core8provider8Provider7request0B8_
FN:270,_RNvMs2_NtCshZjyUOIHxJx_12cogni_client6clientNtB5_12MessageInput13into_messages
FN:258,_RNvXs0_NtCshZjyUOIHxJx_12cogni_client6clientNtB5_12MessageInputINtNtCsfvfooZQ3Axs_4core7convert4FromNtNtCse1nGBsou5OW_5alloc6string6StringE4from
FN:252,_RNvXs_NtCshZjyUOIHxJx_12cogni_client6clientNtB4_12MessageInputINtNtCsfvfooZQ3Axs_4core7convert4FromReE4from
FN:463,_RNvNtNtCshZjyUOIHxJx_12cogni_client6client5testss_16test_simple_chat
FN:470,_RNvNtNtCshZjyUOIHxJx_12cogni_client6client5testss_19test_streaming_chat
FN:483,_RNvNtNtCshZjyUOIHxJx_12cogni_client6client5testss_20test_request_builder
FN:459,_RNvXNtNtCshZjyUOIHxJx_12cogni_client6client5testsNtB2_12MockProviderNtNtCsagf8dG4onv5_10cogni_core8provider8Provider6stream
FN:446,_RNvXNtNtCshZjyUOIHxJx_12cogni_client6client5testsNtB2_12MockProviderNtNtCsagf8dG4onv5_10cogni_core8provider8Provider7request
FN:115,_RINvMNtCshZjyUOIHxJx_12cogni_client6clientINtB3_6ClientNtNtB3_5tests12MockProviderE11stream_chatReEB5_
FN:99,_RINvMNtCshZjyUOIHxJx_12cogni_client6clientINtB3_6ClientNtNtB3_5tests12MockProviderE4chatReEB5_
FN:99,_RINvMNtCshZjyUOIHxJx_12cogni_client6clientINtB3_6ClientNtNtNtB5_8parallel5tests12MockProviderE4chatNtNtCse1nGBsou5OW_5alloc6string6StringEB5_
FN:297,_RINvMs3_NtCshZjyUOIHxJx_12cogni_client6clientINtB6_23ConnectedRequestBuilderNtNtB6_5tests12MockProviderE4userReEB8_
FN:291,_RINvMs3_NtCshZjyUOIHxJx_12cogni_client6clientINtB6_23ConnectedRequestBuilderNtNtB6_5tests12MockProviderE6systemReEB8_
FN:121,_RNCINvMNtCshZjyUOIHxJx_12cogni_client6clientINtB5_6ClientNtNtB5_5tests12MockProviderE11stream_chatReE0B7_
FN:99,_RNCINvMNtCshZjyUOIHxJx_12cogni_client6clientINtB5_6ClientNtNtB5_5tests12MockProviderE4chatReE0B7_
FN:99,_RNCINvMNtCshZjyUOIHxJx_12cogni_client6clientINtB5_6ClientNtNtNtB7_8parallel5tests12MockProviderE4chatNtNtCse1nGBsou5OW_5alloc6string6StringE0B7_
FN:137,_RNCNCINvMNtCshZjyUOIHxJx_12cogni_client6clientINtB7_6ClientNtNtB7_5tests12MockProviderE11stream_chatReE00B9_
FN:131,_RNCNCNCINvMNtCshZjyUOIHxJx_12cogni_client6clientINtB9_6ClientNtNtB9_5tests12MockProviderE11stream_chatReE000Bb_
FN:234,_RNCNvMNtCshZjyUOIHxJx_12cogni_client6clientINtB4_6ClientNtNtB4_5tests12MockProviderE7execute0B6_
FN:403,_RNCNvMs3_NtCshZjyUOIHxJx_12cogni_client6clientINtB7_23ConnectedRequestBuilderNtNtB7_5tests12MockProviderE4send0B9_
FN:51,_RNvMNtCshZjyUOIHxJx_12cogni_client6clientINtB2_6ClientNtNtB2_5tests12MockProviderE3newB4_
FN:234,_RNvMNtCshZjyUOIHxJx_12cogni_client6clientINtB2_6ClientNtNtB2_5tests12MockProviderE7executeB4_
FN:162,_RNvMNtCshZjyUOIHxJx_12cogni_client6clientINtB2_6ClientNtNtB2_5tests12MockProviderE7requestB4_
FN:51,_RNvMNtCshZjyUOIHxJx_12cogni_client6clientINtB2_6ClientNtNtNtB4_8parallel5tests12MockProviderE3newB4_
FN:51,_RNvMNtCshZjyUOIHxJx_12cogni_client6clientINtB2_6ClientNtNtNtB4_8stateful5tests12MockProviderE3newB4_
FN:321,_RNvMs3_NtCshZjyUOIHxJx_12cogni_client6clientINtB5_23ConnectedRequestBuilderNtNtB5_5tests12MockProviderE11temperatureB7_
FN:403,_RNvMs3_NtCshZjyUOIHxJx_12cogni_client6clientINtB5_23ConnectedRequestBuilderNtNtB5_5tests12MockProviderE4sendB7_
FN:357,_RINvMs3_NtCs7KwJKxSQlzX_12cogni_client6clientINtB6_23ConnectedRequestBuilderNtNtNtCs1EirRVmYTZ6_15cogni_providers6openai8provider6OpenAIE22with_structured_outputNtCsQadenfUz7B_22structured_output_test13TestStructureEB2B_
FN:297,_RINvMs3_NtCs7KwJKxSQlzX_12cogni_client6clientINtB6_23ConnectedRequestBuilderNtNtNtCs1EirRVmYTZ6_15cogni_providers6openai8provider6OpenAIE4userReECsQadenfUz7B_22structured_output_test
FN:315,_RINvMs3_NtCs7KwJKxSQlzX_12cogni_client6clientINtB6_23ConnectedRequestBuilderNtNtNtCs1EirRVmYTZ6_15cogni_providers6openai8provider6OpenAIE5modelReECsQadenfUz7B_22structured_output_test
FN:291,_RINvMs3_NtCs7KwJKxSQlzX_12cogni_client6clientINtB6_23ConnectedRequestBuilderNtNtNtCs1EirRVmYTZ6_15cogni_providers6openai8provider6OpenAIE6systemReECsQadenfUz7B_22structured_output_test
FN:234,_RNCNvMNtCs7KwJKxSQlzX_12cogni_client6clientINtB4_6ClientNtNtNtCs1EirRVmYTZ6_15cogni_providers6openai8provider6OpenAIE7execute0CsQadenfUz7B_22structured_output_test
FN:403,_RNCNvMs3_NtCs7KwJKxSQlzX_12cogni_client6clientINtB7_23ConnectedRequestBuilderNtNtNtCs1EirRVmYTZ6_15cogni_providers6openai8provider6OpenAIE4send0CsQadenfUz7B_22structured_output_test
FN:51,_RNvMNtCs7KwJKxSQlzX_12cogni_client6clientINtB2_6ClientNtNtNtCs1EirRVmYTZ6_15cogni_providers6openai8provider6OpenAIE3newCsQadenfUz7B_22structured_output_test
FN:234,_RNvMNtCs7KwJKxSQlzX_12cogni_client6clientINtB2_6ClientNtNtNtCs1EirRVmYTZ6_15cogni_providers6openai8provider6OpenAIE7executeCsQadenfUz7B_22structured_output_test
FN:162,_RNvMNtCs7KwJKxSQlzX_12cogni_client6clientINtB2_6ClientNtNtNtCs1EirRVmYTZ6_15cogni_providers6openai8provider6OpenAIE7requestCsQadenfUz7B_22structured_output_test
FN:403,_RNvMs3_NtCs7KwJKxSQlzX_12cogni_client6clientINtB5_23ConnectedRequestBuilderNtNtNtCs1EirRVmYTZ6_15cogni_providers6openai8provider6OpenAIE4sendCsQadenfUz7B_22structured_output_test
FN:363,_RNvMs3_NtCs7KwJKxSQlzX_12cogni_client6clientINtB5_23ConnectedRequestBuilderNtNtNtCs1EirRVmYTZ6_15cogni_providers6openai8provider6OpenAIE9json_modeCsQadenfUz7B_22structured_output_test
FNDA:7,_RNvMNtCs7KwJKxSQlzX_12cogni_client6clientINtB2_6ClientNtCsgyDhXtLpw1x_21agentic_features_test12MockProviderE10with_stateBS_
FNDA:7,_RNvMNtCs7KwJKxSQlzX_12cogni_client6clientINtB2_6ClientNtCsgyDhXtLpw1x_21agentic_features_test12MockProviderE3newBS_
FNDA:1,_RNvMNtCs7KwJKxSQlzX_12cogni_client6clientINtB2_6ClientNtNtNtCs1EirRVmYTZ6_15cogni_providers6openai8provider6OpenAIE10with_stateCsgyDhXtLpw1x_21agentic_features_test
FNDA:1,_RNvMNtCs7KwJKxSQlzX_12cogni_client6clientINtB2_6ClientNtNtNtCs1EirRVmYTZ6_15cogni_providers6openai8provider6OpenAIE3newCsgyDhXtLpw1x_21agentic_features_test
FNDA:0,_RINvMNtCshZjyUOIHxJx_12cogni_client6clientINtB3_6ClientpE10with_modelpEB5_
FNDA:0,_RINvMNtCshZjyUOIHxJx_12cogni_client6clientINtB3_6ClientpE15chat_structuredppEB5_
FNDA:0,_RINvMs3_NtCshZjyUOIHxJx_12cogni_client6clientINtB6_23ConnectedRequestBuilderpE22with_structured_outputpEB8_
FNDA:0,_RINvMs3_NtCshZjyUOIHxJx_12cogni_client6clientINtB6_23ConnectedRequestBuilderpE4toolpEB8_
FNDA:0,_RINvMs3_NtCshZjyUOIHxJx_12cogni_client6clientINtB6_23ConnectedRequestBuilderpE5modelpEB8_
FNDA:0,_RINvMs3_NtCshZjyUOIHxJx_12cogni_client6clientINtB6_23ConnectedRequestBuilderpE7messagepEB8_
FNDA:0,_RINvMs3_NtCshZjyUOIHxJx_12cogni_client6clientINtB6_23ConnectedRequestBuilderpE8messagespEB8_
FNDA:0,_RINvMs3_NtCshZjyUOIHxJx_12cogni_client6clientINtB6_23ConnectedRequestBuilderpE9assistantpEB8_
FNDA:0,_RNCINvMNtCshZjyUOIHxJx_12cogni_client6clientINtB5_6ClientpE15chat_structuredppE0B7_
FNDA:0,_RNCNvMNtCshZjyUOIHxJx_12cogni_client6clientINtB4_6ClientpE14execute_stream0B6_
FNDA:0,_RNCNvMs3_NtCshZjyUOIHxJx_12cogni_client6clientINtB7_23ConnectedRequestBuilderpE6stream0B9_
FNDA:0,_RNvMNtCshZjyUOIHxJx_12cogni_client6clientINtB2_6ClientpE10with_stateB4_
FNDA:0,_RNvMNtCshZjyUOIHxJx_12cogni_client6clientINtB2_6ClientpE14execute_streamB4_
FNDA:0,_RNvMNtCshZjyUOIHxJx_12cogni_client6clientINtB2_6ClientpE15with_parametersB4_
FNDA:0,_RNvMNtCshZjyUOIHxJx_12cogni_client6clientINtB2_6ClientpE8providerB4_
FNDA:0,_RNvMs3_NtCshZjyUOIHxJx_12cogni_client6clientINtB5_23ConnectedRequestBuilderpE10max_tokensB7_
FNDA:0,_RNvMs3_NtCshZjyUOIHxJx_12cogni_client6clientINtB5_23ConnectedRequestBuilderpE10parametersB7_
FNDA:0,_RNvMs3_NtCshZjyUOIHxJx_12cogni_client6clientINtB5_23ConnectedRequestBuilderpE15response_formatB7_
FNDA:0,_RNvMs3_NtCshZjyUOIHxJx_12cogni_client6clientINtB5_23ConnectedRequestBuilderpE20with_context_managerB7_
FNDA:0,_RNvMs3_NtCshZjyUOIHxJx_12cogni_client6clientINtB5_23ConnectedRequestBuilderpE5buildB7_
FNDA:0,_RNvMs3_NtCshZjyUOIHxJx_12cogni_client6clientINtB5_23ConnectedRequestBuilderpE6streamB7_
FNDA:0,_RNvMs3_NtCshZjyUOIHxJx_12cogni_client6clientINtB5_23ConnectedRequestBuilderpE9json_modeB7_
FNDA:0,_RNvXs1_NtCshZjyUOIHxJx_12cogni_client6clientNtB5_12MessageInputINtNtCsfvfooZQ3Axs_4core7convert4FromINtNtCse1nGBsou5OW_5alloc3vec3VecNtNtNtCsagf8dG4onv5_10cogni_core5types7message7MessageEE4from
FNDA:1,_RNCNvNtNtCshZjyUOIHxJx_12cogni_client6client5testss_16test_simple_chat0B7_
FNDA:1,_RNCNvNtNtCshZjyUOIHxJx_12cogni_client6client5testss_19test_streaming_chat0B7_
FNDA:1,_RNCNvNtNtCshZjyUOIHxJx_12cogni_client6client5testss_20test_request_builder0B7_
FNDA:1,_RNCNvXNtNtCshZjyUOIHxJx_12cogni_client6client5testsNtB4_12MockProviderNtNtCsagf8dG4onv5_10cogni_core8provider8Provider6stream0B8_
FNDA:2,_RNCNvXNtNtCshZjyUOIHxJx_12cogni_client6client5testsNtB4_12MockProviderNtNtCsagf8dG4onv5_10cogni_core8provider8Provider7request0B8_
FNDA:4,_RNvMs2_NtCshZjyUOIHxJx_12cogni_client6clientNtB5_12MessageInput13into_messages
FNDA:2,_RNvXs0_NtCshZjyUOIHxJx_12cogni_client6clientNtB5_12MessageInputINtNtCsfvfooZQ3Axs_4core7convert4FromNtNtCse1nGBsou5OW_5alloc6string6StringE4from
FNDA:2,_RNvXs_NtCshZjyUOIHxJx_12cogni_client6clientNtB4_12MessageInputINtNtCsfvfooZQ3Axs_4core7convert4FromReE4from
FNDA:1,_RNvNtNtCshZjyUOIHxJx_12cogni_client6client5testss_16test_simple_chat
FNDA:1,_RNvNtNtCshZjyUOIHxJx_12cogni_client6client5testss_19test_streaming_chat
FNDA:1,_RNvNtNtCshZjyUOIHxJx_12cogni_client6client5testss_20test_request_builder
FNDA:1,_RNvXNtNtCshZjyUOIHxJx_12cogni_client6client5testsNtB2_12MockProviderNtNtCsagf8dG4onv5_10cogni_core8provider8Provider6stream
FNDA:2,_RNvXNtNtCshZjyUOIHxJx_12cogni_client6client5testsNtB2_12MockProviderNtNtCsagf8dG4onv5_10cogni_core8provider8Provider7request
FNDA:1,_RINvMNtCshZjyUOIHxJx_12cogni_client6clientINtB3_6ClientNtNtB3_5tests12MockProviderE11stream_chatReEB5_
FNDA:1,_RINvMNtCshZjyUOIHxJx_12cogni_client6clientINtB3_6ClientNtNtB3_5tests12MockProviderE4chatReEB5_
FNDA:2,_RINvMNtCshZjyUOIHxJx_12cogni_client6clientINtB3_6ClientNtNtNtB5_8parallel5tests12MockProviderE4chatNtNtCse1nGBsou5OW_5alloc6string6StringEB5_
FNDA:1,_RINvMs3_NtCshZjyUOIHxJx_12cogni_client6clientINtB6_23ConnectedRequestBuilderNtNtB6_5tests12MockProviderE4userReEB8_
FNDA:1,_RINvMs3_NtCshZjyUOIHxJx_12cogni_client6clientINtB6_23ConnectedRequestBuilderNtNtB6_5tests12MockProviderE6systemReEB8_
FNDA:1,_RNCINvMNtCshZjyUOIHxJx_12cogni_client6clientINtB5_6ClientNtNtB5_5tests12MockProviderE11stream_chatReE0B7_
FNDA:1,_RNCINvMNtCshZjyUOIHxJx_12cogni_client6clientINtB5_6ClientNtNtB5_5tests12MockProviderE4chatReE0B7_
FNDA:2,_RNCINvMNtCshZjyUOIHxJx_12cogni_client6clientINtB5_6ClientNtNtNtB7_8parallel5tests12MockProviderE4chatNtNtCse1nGBsou5OW_5alloc6string6StringE0B7_
FNDA:3,_RNCNCINvMNtCshZjyUOIHxJx_12cogni_client6clientINtB7_6ClientNtNtB7_5tests12MockProviderE11stream_chatReE00B9_
FNDA:3,_RNCNCNCINvMNtCshZjyUOIHxJx_12cogni_client6clientINtB9_6ClientNtNtB9_5tests12MockProviderE11stream_chatReE000Bb_
FNDA:1,_RNCNvMNtCshZjyUOIHxJx_12cogni_client6clientINtB4_6ClientNtNtB4_5tests12MockProviderE7execute0B6_
FNDA:1,_RNCNvMs3_NtCshZjyUOIHxJx_12cogni_client6clientINtB7_23ConnectedRequestBuilderNtNtB7_5tests12MockProviderE4send0B9_
FNDA:3,_RNvMNtCshZjyUOIHxJx_12cogni_client6clientINtB2_6ClientNtNtB2_5tests12MockProviderE3newB4_
FNDA:1,_RNvMNtCshZjyUOIHxJx_12cogni_client6clientINtB2_6ClientNtNtB2_5tests12MockProviderE7executeB4_
FNDA:1,_RNvMNtCshZjyUOIHxJx_12cogni_client6clientINtB2_6ClientNtNtB2_5tests12MockProviderE7requestB4_
FNDA:2,_RNvMNtCshZjyUOIHxJx_12cogni_client6clientINtB2_6ClientNtNtNtB4_8parallel5tests12MockProviderE3newB4_
FNDA:2,_RNvMNtCshZjyUOIHxJx_12cogni_client6clientINtB2_6ClientNtNtNtB4_8stateful5tests12MockProviderE3newB4_
FNDA:1,_RNvMs3_NtCshZjyUOIHxJx_12cogni_client6clientINtB5_23ConnectedRequestBuilderNtNtB5_5tests12MockProviderE11temperatureB7_
FNDA:1,_RNvMs3_NtCshZjyUOIHxJx_12cogni_client6clientINtB5_23ConnectedRequestBuilderNtNtB5_5tests12MockProviderE4sendB7_
FNDA:1,_RINvMs3_NtCs7KwJKxSQlzX_12cogni_client6clientINtB6_23ConnectedRequestBuilderNtNtNtCs1EirRVmYTZ6_15cogni_providers6openai8provider6OpenAIE22with_structured_outputNtCsQadenfUz7B_22structured_output_test13TestStructureEB2B_
FNDA:2,_RINvMs3_NtCs7KwJKxSQlzX_12cogni_client6clientINtB6_23ConnectedRequestBuilderNtNtNtCs1EirRVmYTZ6_15cogni_providers6openai8provider6OpenAIE4userReECsQadenfUz7B_22structured_output_test
FNDA:2,_RINvMs3_NtCs7KwJKxSQlzX_12cogni_client6clientINtB6_23ConnectedRequestBuilderNtNtNtCs1EirRVmYTZ6_15cogni_providers6openai8provider6OpenAIE5modelReECsQadenfUz7B_22structured_output_test
FNDA:2,_RINvMs3_NtCs7KwJKxSQlzX_12cogni_client6clientINtB6_23ConnectedRequestBuilderNtNtNtCs1EirRVmYTZ6_15cogni_providers6openai8provider6OpenAIE6systemReECsQadenfUz7B_22structured_output_test
FNDA:2,_RNCNvMNtCs7KwJKxSQlzX_12cogni_client6clientINtB4_6ClientNtNtNtCs1EirRVmYTZ6_15cogni_providers6openai8provider6OpenAIE7execute0CsQadenfUz7B_22structured_output_test
FNDA:2,_RNCNvMs3_NtCs7KwJKxSQlzX_12cogni_client6clientINtB7_23ConnectedRequestBuilderNtNtNtCs1EirRVmYTZ6_15cogni_providers6openai8provider6OpenAIE4send0CsQadenfUz7B_22structured_output_test
FNDA:2,_RNvMNtCs7KwJKxSQlzX_12cogni_client6clientINtB2_6ClientNtNtNtCs1EirRVmYTZ6_15cogni_providers6openai8provider6OpenAIE3newCsQadenfUz7B_22structured_output_test
FNDA:2,_RNvMNtCs7KwJKxSQlzX_12cogni_client6clientINtB2_6ClientNtNtNtCs1EirRVmYTZ6_15cogni_providers6openai8provider6OpenAIE7executeCsQadenfUz7B_22structured_output_test
FNDA:2,_RNvMNtCs7KwJKxSQlzX_12cogni_client6clientINtB2_6ClientNtNtNtCs1EirRVmYTZ6_15cogni_providers6openai8provider6OpenAIE7requestCsQadenfUz7B_22structured_output_test
FNDA:2,_RNvMs3_NtCs7KwJKxSQlzX_12cogni_client6clientINtB5_23ConnectedRequestBuilderNtNtNtCs1EirRVmYTZ6_15cogni_providers6openai8provider6OpenAIE4sendCsQadenfUz7B_22structured_output_test
FNDA:1,_RNvMs3_NtCs7KwJKxSQlzX_12cogni_client6clientINtB5_23ConnectedRequestBuilderNtNtNtCs1EirRVmYTZ6_15cogni_providers6openai8provider6OpenAIE9json_modeCsQadenfUz7B_22structured_output_test
FNF:51
FNH:32
DA:51,17
DA:52,17
DA:53,17
DA:54,17
DA:55,17
DA:56,17
DA:57,17
DA:60,0
DA:61,0
DA:62,0
DA:63,0
DA:66,0
DA:67,0
DA:68,0
DA:69,0
DA:92,8
DA:93,8
DA:94,8
DA:99,3
DA:100,3
DA:101,3
DA:102,3
DA:103,3
DA:104,3
DA:105,3
DA:106,3
DA:108,3
DA:109,3
DA:110,3
DA:115,1
DA:116,1
DA:117,1
DA:118,1
DA:119,1
DA:120,1
DA:121,1
DA:122,1
DA:123,1
DA:124,1
DA:125,1
DA:126,1
DA:127,1
DA:128,1
DA:130,1
DA:131,3
DA:132,3
DA:133,2
DA:134,1
DA:135,0
DA:137,6
DA:138,1
DA:162,3
DA:163,3
DA:164,3
DA:165,3
DA:166,3
DA:167,3
DA:168,3
DA:169,3
DA:170,3
DA:213,0
DA:214,0
DA:215,0
DA:216,0
DA:217,0
DA:218,0
DA:219,0
DA:220,0
DA:221,0
DA:222,0
DA:223,0
DA:225,0
DA:226,0
DA:229,0
DA:230,0
DA:231,0
DA:234,3
DA:235,3
DA:236,3
DA:239,0
DA:240,0
DA:241,0
DA:252,2
DA:253,2
DA:254,2
DA:258,2
DA:259,2
DA:260,2
DA:264,0
DA:265,0
DA:266,0
DA:270,4
DA:271,4
DA:272,4
DA:273,4
DA:274,4
DA:275,4
DA:276,4
DA:277,0
DA:279,4
DA:291,3
DA:292,3
DA:293,3
DA:294,3
DA:297,3
DA:298,3
DA:299,3
DA:300,3
DA:303,0
DA:304,0
DA:305,0
DA:306,0
DA:309,0
DA:310,0
DA:311,0
DA:312,0
DA:315,2
DA:316,2
DA:317,2
DA:318,2
DA:321,1
DA:322,1
DA:323,1
DA:324,1
DA:327,0
DA:328,0
DA:329,0
DA:330,0
DA:333,0
DA:334,0
DA:335,0
DA:336,0
DA:339,0
DA:340,0
DA:341,0
DA:342,0
DA:345,0
DA:346,0
DA:347,0
DA:348,0
DA:351,0
DA:352,0
DA:353,0
DA:354,0
DA:357,1
DA:358,1
DA:359,1
DA:360,1
DA:363,1
DA:364,1
DA:365,1
DA:366,1
DA:392,0
DA:393,0
DA:394,0
DA:395,0
DA:398,0
DA:399,0
DA:400,0
DA:403,3
DA:404,3
DA:407,3
DA:408,0
DA:409,3
DA:411,3
DA:412,3
DA:415,0
DA:416,0
DA:419,0
DA:420,0
DA:421,0
DA:423,0
DA:424,0
DA:440,2
DA:441,2
DA:442,2
DA:443,2
DA:444,2
DA:445,2
DA:446,4
DA:448,1
DA:449,1
DA:450,1
DA:451,1
DA:452,1
DA:453,1
DA:454,1
DA:455,1
DA:456,1
DA:457,1
DA:458,1
DA:459,2
DA:463,1
DA:464,1
DA:465,1
DA:466,1
DA:467,1
DA:470,1
DA:471,1
DA:472,1
DA:473,1
DA:474,1
DA:475,3
DA:476,2
DA:477,2
DA:478,1
DA:479,1
DA:480,1
DA:483,1
DA:484,1
DA:485,1
DA:486,1
DA:487,1
DA:488,1
DA:489,1
DA:490,1
DA:491,1
DA:492,1
DA:493,1
DA:494,1
DA:495,1
BRF:0
BRH:0
LF:258
LH:180
end_of_record
SF:/Users/jkh/Code/ai/cogni/cogni-client/src/middleware.rs
FN:39,_RNCNvXININtCshZjyUOIHxJx_12cogni_client10middlewares_0pEINtB7_18MiddlewareProviderpENtNtCsagf8dG4onv5_10cogni_core8provider8Provider6stream0B9_
FN:78,_RNCNvXs_NtNtCshZjyUOIHxJx_12cogni_client10middleware5testsNtB6_12MockProviderNtNtCsagf8dG4onv5_10cogni_core8provider8Provider6stream0Ba_
FN:53,_RNvXININtCshZjyUOIHxJx_12cogni_client10middlewares_0pEINtB5_18MiddlewareProviderpENtNtCsagf8dG4onv5_10cogni_core8provider8Provider6streamB7_
FN:89,_RNvXs_NtNtCshZjyUOIHxJx_12cogni_client10middleware5testsNtB4_12MockProviderNtNtCsagf8dG4onv5_10cogni_core8provider8Provider6stream
FN:93,_RNvNtNtCshZjyUOIHxJx_12cogni_client10middleware5testss_30test_middleware_provider_basic
FN:76,_RNvXs_NtNtCshZjyUOIHxJx_12cogni_client10middleware5testsNtB4_12MockProviderNtNtCsagf8dG4onv5_10cogni_core8provider8Provider7request
FN:93,_RNCNvNtNtCshZjyUOIHxJx_12cogni_client10middleware5testss_30test_middleware_provider_basic0B7_
FN:70,_RNCNvXs_NtNtCshZjyUOIHxJx_12cogni_client10middleware5testsNtB6_12MockProviderNtNtCsagf8dG4onv5_10cogni_core8provider8Provider7request0Ba_
FN:34,_RNCNvXs_NtCshZjyUOIHxJx_12cogni_client10middlewareINtB6_18MiddlewareProviderINtCs4EghsgDB6uT_16cogni_middleware15ProviderServiceNtNtB6_5tests12MockProviderEENtNtCsagf8dG4onv5_10cogni_core8provider8Provider7request0B8_
FN:21,_RNvMNtCshZjyUOIHxJx_12cogni_client10middlewareINtB2_18MiddlewareProviderINtCs4EghsgDB6uT_16cogni_middleware15ProviderServiceNtNtB2_5tests12MockProviderEE3newB4_
FN:37,_RNvXs_NtCshZjyUOIHxJx_12cogni_client10middlewareINtB4_18MiddlewareProviderINtCs4EghsgDB6uT_16cogni_middleware15ProviderServiceNtNtB4_5tests12MockProviderEENtNtCsagf8dG4onv5_10cogni_core8provider8Provider7requestB6_
FNDA:0,_RNCNvXININtCshZjyUOIHxJx_12cogni_client10middlewares_0pEINtB7_18MiddlewareProviderpENtNtCsagf8dG4onv5_10cogni_core8provider8Provider6stream0B9_
FNDA:0,_RNCNvXs_NtNtCshZjyUOIHxJx_12cogni_client10middleware5testsNtB6_12MockProviderNtNtCsagf8dG4onv5_10cogni_core8provider8Provider6stream0Ba_
FNDA:0,_RNvXININtCshZjyUOIHxJx_12cogni_client10middlewares_0pEINtB5_18MiddlewareProviderpENtNtCsagf8dG4onv5_10cogni_core8provider8Provider6streamB7_
FNDA:0,_RNvXs_NtNtCshZjyUOIHxJx_12cogni_client10middleware5testsNtB4_12MockProviderNtNtCsagf8dG4onv5_10cogni_core8provider8Provider6stream
FNDA:1,_RNvNtNtCshZjyUOIHxJx_12cogni_client10middleware5testss_30test_middleware_provider_basic
FNDA:1,_RNvXs_NtNtCshZjyUOIHxJx_12cogni_client10middleware5testsNtB4_12MockProviderNtNtCsagf8dG4onv5_10cogni_core8provider8Provider7request
FNDA:1,_RNCNvNtNtCshZjyUOIHxJx_12cogni_client10middleware5testss_30test_middleware_provider_basic0B7_
FNDA:1,_RNCNvXs_NtNtCshZjyUOIHxJx_12cogni_client10middleware5testsNtB6_12MockProviderNtNtCsagf8dG4onv5_10cogni_core8provider8Provider7request0Ba_
FNDA:1,_RNCNvXs_NtCshZjyUOIHxJx_12cogni_client10middlewareINtB6_18MiddlewareProviderINtCs4EghsgDB6uT_16cogni_middleware15ProviderServiceNtNtB6_5tests12MockProviderEENtNtCsagf8dG4onv5_10cogni_core8provider8Provider7request0B8_
FNDA:1,_RNvMNtCshZjyUOIHxJx_12cogni_client10middlewareINtB2_18MiddlewareProviderINtCs4EghsgDB6uT_16cogni_middleware15ProviderServiceNtNtB2_5tests12MockProviderEE3newB4_
FNDA:1,_RNvXs_NtCshZjyUOIHxJx_12cogni_client10middlewareINtB4_18MiddlewareProviderINtCs4EghsgDB6uT_16cogni_middleware15ProviderServiceNtNtB4_5tests12MockProviderEENtNtCsagf8dG4onv5_10cogni_core8provider8Provider7requestB6_
FNF:11
FNH:7
DA:21,1
DA:22,1
DA:23,1
DA:34,1
DA:35,1
DA:36,1
DA:37,2
DA:39,0
DA:42,0
DA:45,0
DA:46,0
DA:47,0
DA:48,0
DA:49,0
DA:50,0
DA:51,0
DA:52,0
DA:53,0
DA:70,1
DA:71,1
DA:72,1
DA:73,1
DA:74,1
DA:75,1
DA:76,2
DA:78,0
DA:79,0
DA:80,0
DA:81,0
DA:82,0
DA:83,0
DA:84,0
DA:85,0
DA:86,0
DA:87,0
DA:88,0
DA:89,0
DA:93,1
DA:94,1
DA:95,1
DA:96,1
DA:97,1
DA:98,1
DA:99,1
DA:100,1
DA:101,1
DA:102,1
DA:103,1
DA:104,1
DA:105,1
DA:106,1
DA:107,1
DA:108,1
DA:109,1
DA:110,1
DA:111,1
DA:112,1
BRF:0
BRH:0
LF:77
LH:52
end_of_record
SF:/Users/jkh/Code/ai/cogni/cogni-client/src/parallel.rs
FN:367,_RNvNtNtCshZjyUOIHxJx_12cogni_client8parallel5testss_18test_parallel_chat
FN:385,_RNvNtNtCshZjyUOIHxJx_12cogni_client8parallel5testss_25test_parallel_client_race
FN:413,_RNvNtNtCshZjyUOIHxJx_12cogni_client8parallel5testss_34test_parallel_client_first_success
FN:358,_RNvXs_NtNtCshZjyUOIHxJx_12cogni_client8parallel5testsNtB4_12MockProviderNtNtCsagf8dG4onv5_10cogni_core8provider8Provider7request
FN:325,_RINvNtCshZjyUOIHxJx_12cogni_client8parallel22create_parallel_clientpEB4_
FN:360,_RNCNvXs_NtNtCshZjyUOIHxJx_12cogni_client8parallel5testsNtB6_12MockProviderNtNtCsagf8dG4onv5_10cogni_core8provider8Provider6stream0Ba_
FN:363,_RNvXs_NtNtCshZjyUOIHxJx_12cogni_client8parallel5testsNtB4_12MockProviderNtNtCsagf8dG4onv5_10cogni_core8provider8Provider6stream
FN:381,_RNCNCNvNtNtCshZjyUOIHxJx_12cogni_client8parallel5testss_18test_parallel_chat00B9_
FN:367,_RNCNvNtNtCshZjyUOIHxJx_12cogni_client8parallel5testss_18test_parallel_chat0B7_
FN:385,_RNCNvNtNtCshZjyUOIHxJx_12cogni_client8parallel5testss_25test_parallel_client_race0B7_
FN:413,_RNCNvNtNtCshZjyUOIHxJx_12cogni_client8parallel5testss_34test_parallel_client_first_success0B7_
FN:349,_RNCNvXs_NtNtCshZjyUOIHxJx_12cogni_client8parallel5testsNtB6_12MockProviderNtNtCsagf8dG4onv5_10cogni_core8provider8Provider7request0Ba_
FN:91,_RINvNtCshZjyUOIHxJx_12cogni_client8parallel13parallel_chatNtNtB2_5tests12MockProviderReEB4_
FN:36,_RINvNtCshZjyUOIHxJx_12cogni_client8parallel17parallel_requestsNtNtB2_5tests12MockProviderEB4_
FN:98,_RNCINvNtCshZjyUOIHxJx_12cogni_client8parallel13parallel_chatNtNtB4_5tests12MockProviderReE0B6_
FN:43,_RNCINvNtCshZjyUOIHxJx_12cogni_client8parallel17parallel_requestsNtNtB4_5tests12MockProviderE0B6_
FN:102,_RNCNCINvNtCshZjyUOIHxJx_12cogni_client8parallel13parallel_chatNtNtB6_5tests12MockProviderReE00B8_
FN:112,_RNCNCINvNtCshZjyUOIHxJx_12cogni_client8parallel13parallel_chatNtNtB6_5tests12MockProviderReE0s_0B8_
FN:47,_RNCNCINvNtCshZjyUOIHxJx_12cogni_client8parallel17parallel_requestsNtNtB6_5tests12MockProviderE00B8_
FN:56,_RNCNCINvNtCshZjyUOIHxJx_12cogni_client8parallel17parallel_requestsNtNtB6_5tests12MockProviderE0s_0B8_
FN:105,_RNCNCNCINvNtCshZjyUOIHxJx_12cogni_client8parallel13parallel_chatNtNtB8_5tests12MockProviderReE000Ba_
FN:113,_RNCNCNCINvNtCshZjyUOIHxJx_12cogni_client8parallel13parallel_chatNtNtB8_5tests12MockProviderReE0s_00Ba_
FN:49,_RNCNCNCINvNtCshZjyUOIHxJx_12cogni_client8parallel17parallel_requestsNtNtB8_5tests12MockProviderE000Ba_
FN:57,_RNCNCNCINvNtCshZjyUOIHxJx_12cogni_client8parallel17parallel_requestsNtNtB8_5tests12MockProviderE0s_00Ba_
FN:238,_RNCNCNvMNtCshZjyUOIHxJx_12cogni_client8parallelINtB6_14ParallelClientNtNtB6_5tests12MockProviderE13all_responses00B8_
FN:238,_RNCNCNvMNtCshZjyUOIHxJx_12cogni_client8parallelINtB6_14ParallelClientNtNtB6_5tests12MockProviderE13all_responses0s_0B8_
FN:218,_RNCNCNvMNtCshZjyUOIHxJx_12cogni_client8parallelINtB6_14ParallelClientNtNtB6_5tests12MockProviderE13first_success00B8_
FN:218,_RNCNCNvMNtCshZjyUOIHxJx_12cogni_client8parallelINtB6_14ParallelClientNtNtB6_5tests12MockProviderE13first_success0s_0B8_
FN:287,_RNCNCNvMNtCshZjyUOIHxJx_12cogni_client8parallelINtB6_14ParallelClientNtNtB6_5tests12MockProviderE4race00B8_
FN:298,_RNCNCNvMNtCshZjyUOIHxJx_12cogni_client8parallelINtB6_14ParallelClientNtNtB6_5tests12MockProviderE4race0s_0B8_
FN:258,_RNCNCNvMNtCshZjyUOIHxJx_12cogni_client8parallelINtB6_14ParallelClientNtNtB6_5tests12MockProviderE9consensus00B8_
FN:233,_RNCNvMNtCshZjyUOIHxJx_12cogni_client8parallelINtB4_14ParallelClientNtNtB4_5tests12MockProviderE13all_responses0B6_
FN:214,_RNCNvMNtCshZjyUOIHxJx_12cogni_client8parallelINtB4_14ParallelClientNtNtB4_5tests12MockProviderE13first_success0B6_
FN:279,_RNCNvMNtCshZjyUOIHxJx_12cogni_client8parallelINtB4_14ParallelClientNtNtB4_5tests12MockProviderE4race0B6_
FN:200,_RNCNvMNtCshZjyUOIHxJx_12cogni_client8parallelINtB4_14ParallelClientNtNtB4_5tests12MockProviderE7request0B6_
FN:253,_RNCNvMNtCshZjyUOIHxJx_12cogni_client8parallelINtB4_14ParallelClientNtNtB4_5tests12MockProviderE9consensus0B6_
FN:229,_RNvMNtCshZjyUOIHxJx_12cogni_client8parallelINtB2_14ParallelClientNtNtB2_5tests12MockProviderE13all_responsesB4_
FN:210,_RNvMNtCshZjyUOIHxJx_12cogni_client8parallelINtB2_14ParallelClientNtNtB2_5tests12MockProviderE13first_successB4_
FN:190,_RNvMNtCshZjyUOIHxJx_12cogni_client8parallelINtB2_14ParallelClientNtNtB2_5tests12MockProviderE13with_strategyB4_
FN:180,_RNvMNtCshZjyUOIHxJx_12cogni_client8parallelINtB2_14ParallelClientNtNtB2_5tests12MockProviderE3newB4_
FN:275,_RNvMNtCshZjyUOIHxJx_12cogni_client8parallelINtB2_14ParallelClientNtNtB2_5tests12MockProviderE4raceB4_
FN:196,_RNvMNtCshZjyUOIHxJx_12cogni_client8parallelINtB2_14ParallelClientNtNtB2_5tests12MockProviderE7requestB4_
FN:249,_RNvMNtCshZjyUOIHxJx_12cogni_client8parallelINtB2_14ParallelClientNtNtB2_5tests12MockProviderE9consensusB4_
FNDA:1,_RNvNtNtCshZjyUOIHxJx_12cogni_client8parallel5testss_18test_parallel_chat
FNDA:1,_RNvNtNtCshZjyUOIHxJx_12cogni_client8parallel5testss_25test_parallel_client_race
FNDA:1,_RNvNtNtCshZjyUOIHxJx_12cogni_client8parallel5testss_34test_parallel_client_first_success
FNDA:5,_RNvXs_NtNtCshZjyUOIHxJx_12cogni_client8parallel5testsNtB4_12MockProviderNtNtCsagf8dG4onv5_10cogni_core8provider8Provider7request
FNDA:0,_RINvNtCshZjyUOIHxJx_12cogni_client8parallel22create_parallel_clientpEB4_
FNDA:0,_RNCNvXs_NtNtCshZjyUOIHxJx_12cogni_client8parallel5testsNtB6_12MockProviderNtNtCsagf8dG4onv5_10cogni_core8provider8Provider6stream0Ba_
FNDA:0,_RNvXs_NtNtCshZjyUOIHxJx_12cogni_client8parallel5testsNtB4_12MockProviderNtNtCsagf8dG4onv5_10cogni_core8provider8Provider6stream
FNDA:2,_RNCNCNvNtNtCshZjyUOIHxJx_12cogni_client8parallel5testss_18test_parallel_chat00B9_
FNDA:1,_RNCNvNtNtCshZjyUOIHxJx_12cogni_client8parallel5testss_18test_parallel_chat0B7_
FNDA:1,_RNCNvNtNtCshZjyUOIHxJx_12cogni_client8parallel5testss_25test_parallel_client_race0B7_
FNDA:1,_RNCNvNtNtCshZjyUOIHxJx_12cogni_client8parallel5testss_34test_parallel_client_first_success0B7_
FNDA:5,_RNCNvXs_NtNtCshZjyUOIHxJx_12cogni_client8parallel5testsNtB6_12MockProviderNtNtCsagf8dG4onv5_10cogni_core8provider8Provider7request0Ba_
FNDA:1,_RINvNtCshZjyUOIHxJx_12cogni_client8parallel13parallel_chatNtNtB2_5tests12MockProviderReEB4_
FNDA:1,_RINvNtCshZjyUOIHxJx_12cogni_client8parallel17parallel_requestsNtNtB2_5tests12MockProviderEB4_
FNDA:1,_RNCINvNtCshZjyUOIHxJx_12cogni_client8parallel13parallel_chatNtNtB4_5tests12MockProviderReE0B6_
FNDA:1,_RNCINvNtCshZjyUOIHxJx_12cogni_client8parallel17parallel_requestsNtNtB4_5tests12MockProviderE0B6_
FNDA:2,_RNCNCINvNtCshZjyUOIHxJx_12cogni_client8parallel13parallel_chatNtNtB6_5tests12MockProviderReE00B8_
FNDA:2,_RNCNCINvNtCshZjyUOIHxJx_12cogni_client8parallel13parallel_chatNtNtB6_5tests12MockProviderReE0s_0B8_
FNDA:1,_RNCNCINvNtCshZjyUOIHxJx_12cogni_client8parallel17parallel_requestsNtNtB6_5tests12MockProviderE00B8_
FNDA:1,_RNCNCINvNtCshZjyUOIHxJx_12cogni_client8parallel17parallel_requestsNtNtB6_5tests12MockProviderE0s_0B8_
FNDA:2,_RNCNCNCINvNtCshZjyUOIHxJx_12cogni_client8parallel13parallel_chatNtNtB8_5tests12MockProviderReE000Ba_
FNDA:0,_RNCNCNCINvNtCshZjyUOIHxJx_12cogni_client8parallel13parallel_chatNtNtB8_5tests12MockProviderReE0s_00Ba_
FNDA:1,_RNCNCNCINvNtCshZjyUOIHxJx_12cogni_client8parallel17parallel_requestsNtNtB8_5tests12MockProviderE000Ba_
FNDA:0,_RNCNCNCINvNtCshZjyUOIHxJx_12cogni_client8parallel17parallel_requestsNtNtB8_5tests12MockProviderE0s_00Ba_
FNDA:0,_RNCNCNvMNtCshZjyUOIHxJx_12cogni_client8parallelINtB6_14ParallelClientNtNtB6_5tests12MockProviderE13all_responses00B8_
FNDA:0,_RNCNCNvMNtCshZjyUOIHxJx_12cogni_client8parallelINtB6_14ParallelClientNtNtB6_5tests12MockProviderE13all_responses0s_0B8_
FNDA:1,_RNCNCNvMNtCshZjyUOIHxJx_12cogni_client8parallelINtB6_14ParallelClientNtNtB6_5tests12MockProviderE13first_success00B8_
FNDA:0,_RNCNCNvMNtCshZjyUOIHxJx_12cogni_client8parallelINtB6_14ParallelClientNtNtB6_5tests12MockProviderE13first_success0s_0B8_
FNDA:2,_RNCNCNvMNtCshZjyUOIHxJx_12cogni_client8parallelINtB6_14ParallelClientNtNtB6_5tests12MockProviderE4race00B8_
FNDA:0,_RNCNCNvMNtCshZjyUOIHxJx_12cogni_client8parallelINtB6_14ParallelClientNtNtB6_5tests12MockProviderE4race0s_0B8_
FNDA:0,_RNCNCNvMNtCshZjyUOIHxJx_12cogni_client8parallelINtB6_14ParallelClientNtNtB6_5tests12MockProviderE9consensus00B8_
FNDA:0,_RNCNvMNtCshZjyUOIHxJx_12cogni_client8parallelINtB4_14ParallelClientNtNtB4_5tests12MockProviderE13all_responses0B6_
FNDA:1,_RNCNvMNtCshZjyUOIHxJx_12cogni_client8parallelINtB4_14ParallelClientNtNtB4_5tests12MockProviderE13first_success0B6_
FNDA:1,_RNCNvMNtCshZjyUOIHxJx_12cogni_client8parallelINtB4_14ParallelClientNtNtB4_5tests12MockProviderE4race0B6_
FNDA:2,_RNCNvMNtCshZjyUOIHxJx_12cogni_client8parallelINtB4_14ParallelClientNtNtB4_5tests12MockProviderE7request0B6_
FNDA:0,_RNCNvMNtCshZjyUOIHxJx_12cogni_client8parallelINtB4_14ParallelClientNtNtB4_5tests12MockProviderE9consensus0B6_
FNDA:0,_RNvMNtCshZjyUOIHxJx_12cogni_client8parallelINtB2_14ParallelClientNtNtB2_5tests12MockProviderE13all_responsesB4_
FNDA:1,_RNvMNtCshZjyUOIHxJx_12cogni_client8parallelINtB2_14ParallelClientNtNtB2_5tests12MockProviderE13first_successB4_
FNDA:2,_RNvMNtCshZjyUOIHxJx_12cogni_client8parallelINtB2_14ParallelClientNtNtB2_5tests12MockProviderE13with_strategyB4_
FNDA:2,_RNvMNtCshZjyUOIHxJx_12cogni_client8parallelINtB2_14ParallelClientNtNtB2_5tests12MockProviderE3newB4_
FNDA:1,_RNvMNtCshZjyUOIHxJx_12cogni_client8parallelINtB2_14ParallelClientNtNtB2_5tests12MockProviderE4raceB4_
FNDA:2,_RNvMNtCshZjyUOIHxJx_12cogni_client8parallelINtB2_14ParallelClientNtNtB2_5tests12MockProviderE7requestB4_
FNDA:0,_RNvMNtCshZjyUOIHxJx_12cogni_client8parallelINtB2_14ParallelClientNtNtB2_5tests12MockProviderE9consensusB4_
FNF:43
FNH:29
DA:36,1
DA:37,1
DA:38,1
DA:39,1
DA:40,1
DA:41,1
DA:42,1
DA:43,1
DA:44,1
DA:45,1
DA:46,1
DA:47,1
DA:48,1
DA:49,1
DA:50,1
DA:51,1
DA:53,1
DA:54,1
DA:55,1
DA:56,1
DA:57,1
DA:58,0
DA:59,0
DA:60,0
DA:61,0
DA:62,0
DA:63,0
DA:64,1
DA:65,1
DA:66,1
DA:67,1
DA:91,1
DA:92,1
DA:93,1
DA:94,1
DA:95,1
DA:96,1
DA:97,1
DA:98,1
DA:99,1
DA:100,1
DA:101,1
DA:102,2
DA:103,2
DA:104,2
DA:105,2
DA:106,2
DA:107,1
DA:109,1
DA:110,1
DA:111,1
DA:112,2
DA:113,2
DA:114,0
DA:115,0
DA:116,0
DA:117,0
DA:118,0
DA:119,0
DA:120,2
DA:121,2
DA:122,1
DA:123,1
DA:180,2
DA:181,2
DA:182,2
DA:183,2
DA:184,2
DA:185,2
DA:190,2
DA:191,2
DA:192,2
DA:193,2
DA:196,2
DA:197,2
DA:198,2
DA:199,2
DA:200,2
DA:201,2
DA:202,1
DA:203,0
DA:204,0
DA:205,1
DA:207,2
DA:210,1
DA:211,1
DA:212,1
DA:213,1
DA:214,1
DA:215,1
DA:216,1
DA:218,1
DA:219,0
DA:220,0
DA:221,0
DA:222,0
DA:223,0
DA:224,0
DA:225,1
DA:226,1
DA:229,0
DA:230,0
DA:231,0
DA:232,0
DA:233,0
DA:234,0
DA:235,0
DA:238,0
DA:239,0
DA:240,0
DA:241,0
DA:242,0
DA:243,0
DA:244,0
DA:245,0
DA:246,0
DA:249,0
DA:250,0
DA:251,0
DA:252,0
DA:253,0
DA:254,0
DA:255,0
DA:257,0
DA:258,0
DA:259,0
DA:260,0
DA:261,0
DA:262,0
DA:263,0
DA:264,0
DA:265,0
DA:266,0
DA:267,0
DA:268,0
DA:269,0
DA:270,0
DA:271,0
DA:272,0
DA:275,1
DA:276,1
DA:277,1
DA:278,1
DA:279,1
DA:280,1
DA:281,1
DA:284,2
DA:285,2
DA:286,2
DA:287,2
DA:288,2
DA:289,1
DA:290,0
DA:291,2
DA:292,2
DA:295,1
DA:296,1
DA:297,1
DA:298,1
DA:299,0
DA:300,0
DA:301,0
DA:302,0
DA:303,1
DA:304,1
DA:325,0
DA:326,0
DA:327,0
DA:328,0
DA:329,0
DA:330,0
DA:349,5
DA:350,5
DA:351,2
DA:352,3
DA:353,4
DA:354,4
DA:355,4
DA:356,4
DA:357,4
DA:358,9
DA:360,0
DA:361,0
DA:362,0
DA:363,0
DA:367,1
DA:368,1
DA:369,1
DA:370,1
DA:371,1
DA:372,1
DA:373,1
DA:374,1
DA:375,1
DA:376,1
DA:377,1
DA:378,1
DA:379,1
DA:380,1
DA:381,2
DA:382,1
DA:385,1
DA:386,1
DA:387,1
DA:388,1
DA:389,1
DA:390,1
DA:391,1
DA:392,1
DA:393,1
DA:394,1
DA:395,1
DA:396,1
DA:397,1
DA:398,1
DA:399,1
DA:400,1
DA:401,1
DA:402,1
DA:403,1
DA:404,1
DA:405,1
DA:406,1
DA:407,1
DA:408,1
DA:409,1
DA:410,1
DA:413,1
DA:414,1
DA:415,1
DA:416,1
DA:417,1
DA:418,1
DA:419,1
DA:420,1
DA:421,1
DA:422,1
DA:423,1
DA:424,1
DA:425,1
DA:426,1
DA:427,1
DA:428,1
DA:429,1
DA:430,1
BRF:0
BRH:0
LF:332
LH:243
end_of_record
SF:/Users/jkh/Code/ai/cogni/cogni-client/src/stateful.rs
FN:60,_RNCNCNvMNtCs7KwJKxSQlzX_12cogni_client8statefulINtB6_14StatefulClientNtCsgyDhXtLpw1x_21agentic_features_test12MockProviderE17load_conversation00B17_
FN:180,_RNCNCNvMNtCs7KwJKxSQlzX_12cogni_client8statefulINtB6_14StatefulClientNtCsgyDhXtLpw1x_21agentic_features_test12MockProviderE18list_conversations00B17_
FN:73,_RNCNCNvMNtCs7KwJKxSQlzX_12cogni_client8statefulINtB6_14StatefulClientNtCsgyDhXtLpw1x_21agentic_features_test12MockProviderE4save00B17_
FN:180,_RNCNCNvMNtCs7KwJKxSQlzX_12cogni_client8statefulINtB6_14StatefulClientNtNtNtCs1EirRVmYTZ6_15cogni_providers6openai8provider6OpenAIE18list_conversations00CsgyDhXtLpw1x_21agentic_features_test
FN:73,_RNCNCNvMNtCs7KwJKxSQlzX_12cogni_client8statefulINtB6_14StatefulClientNtNtNtCs1EirRVmYTZ6_15cogni_providers6openai8provider6OpenAIE4save00CsgyDhXtLpw1x_21agentic_features_test
FN:42,_RNCNvMNtCs7KwJKxSQlzX_12cogni_client8statefulINtB4_14StatefulClientNtCsgyDhXtLpw1x_21agentic_features_test12MockProviderE16new_conversation0B15_
FN:54,_RNCNvMNtCs7KwJKxSQlzX_12cogni_client8statefulINtB4_14StatefulClientNtCsgyDhXtLpw1x_21agentic_features_test12MockProviderE17load_conversation0B15_
FN:176,_RNCNvMNtCs7KwJKxSQlzX_12cogni_client8statefulINtB4_14StatefulClientNtCsgyDhXtLpw1x_21agentic_features_test12MockProviderE18list_conversations0B15_
FN:100,_RNCNvMNtCs7KwJKxSQlzX_12cogni_client8statefulINtB4_14StatefulClientNtCsgyDhXtLpw1x_21agentic_features_test12MockProviderE4chat0B15_
FN:67,_RNCNvMNtCs7KwJKxSQlzX_12cogni_client8statefulINtB4_14StatefulClientNtCsgyDhXtLpw1x_21agentic_features_test12MockProviderE4save0B15_
FN:42,_RNCNvMNtCs7KwJKxSQlzX_12cogni_client8statefulINtB4_14StatefulClientNtNtNtCs1EirRVmYTZ6_15cogni_providers6openai8provider6OpenAIE16new_conversation0CsgyDhXtLpw1x_21agentic_features_test
FN:176,_RNCNvMNtCs7KwJKxSQlzX_12cogni_client8statefulINtB4_14StatefulClientNtNtNtCs1EirRVmYTZ6_15cogni_providers6openai8provider6OpenAIE18list_conversations0CsgyDhXtLpw1x_21agentic_features_test
FN:100,_RNCNvMNtCs7KwJKxSQlzX_12cogni_client8statefulINtB4_14StatefulClientNtNtNtCs1EirRVmYTZ6_15cogni_providers6openai8provider6OpenAIE4chat0CsgyDhXtLpw1x_21agentic_features_test
FN:67,_RNCNvMNtCs7KwJKxSQlzX_12cogni_client8statefulINtB4_14StatefulClientNtNtNtCs1EirRVmYTZ6_15cogni_providers6openai8provider6OpenAIE4save0CsgyDhXtLpw1x_21agentic_features_test
FN:85,_RNvMNtCs7KwJKxSQlzX_12cogni_client8statefulINtB2_14StatefulClientNtCsgyDhXtLpw1x_21agentic_features_test12MockProviderE13current_stateB13_
FN:42,_RNvMNtCs7KwJKxSQlzX_12cogni_client8statefulINtB2_14StatefulClientNtCsgyDhXtLpw1x_21agentic_features_test12MockProviderE16new_conversationB13_
FN:90,_RNvMNtCs7KwJKxSQlzX_12cogni_client8statefulINtB2_14StatefulClientNtCsgyDhXtLpw1x_21agentic_features_test12MockProviderE17current_state_mutB13_
FN:54,_RNvMNtCs7KwJKxSQlzX_12cogni_client8statefulINtB2_14StatefulClientNtCsgyDhXtLpw1x_21agentic_features_test12MockProviderE17load_conversationB13_
FN:176,_RNvMNtCs7KwJKxSQlzX_12cogni_client8statefulINtB2_14StatefulClientNtCsgyDhXtLpw1x_21agentic_features_test12MockProviderE18list_conversationsB13_
FN:27,_RNvMNtCs7KwJKxSQlzX_12cogni_client8statefulINtB2_14StatefulClientNtCsgyDhXtLpw1x_21agentic_features_test12MockProviderE3newB13_
FN:100,_RNvMNtCs7KwJKxSQlzX_12cogni_client8statefulINtB2_14StatefulClientNtCsgyDhXtLpw1x_21agentic_features_test12MockProviderE4chatB13_
FN:67,_RNvMNtCs7KwJKxSQlzX_12cogni_client8statefulINtB2_14StatefulClientNtCsgyDhXtLpw1x_21agentic_features_test12MockProviderE4saveB13_
FN:85,_RNvMNtCs7KwJKxSQlzX_12cogni_client8statefulINtB2_14StatefulClientNtNtNtCs1EirRVmYTZ6_15cogni_providers6openai8provider6OpenAIE13current_stateCsgyDhXtLpw1x_21agentic_features_test
FN:42,_RNvMNtCs7KwJKxSQlzX_12cogni_client8statefulINtB2_14StatefulClientNtNtNtCs1EirRVmYTZ6_15cogni_providers6openai8provider6OpenAIE16new_conversationCsgyDhXtLpw1x_21agentic_features_test
FN:90,_RNvMNtCs7KwJKxSQlzX_12cogni_client8statefulINtB2_14StatefulClientNtNtNtCs1EirRVmYTZ6_15cogni_providers6openai8provider6OpenAIE17current_state_mutCsgyDhXtLpw1x_21agentic_features_test
FN:176,_RNvMNtCs7KwJKxSQlzX_12cogni_client8statefulINtB2_14StatefulClientNtNtNtCs1EirRVmYTZ6_15cogni_providers6openai8provider6OpenAIE18list_conversationsCsgyDhXtLpw1x_21agentic_features_test
FN:27,_RNvMNtCs7KwJKxSQlzX_12cogni_client8statefulINtB2_14StatefulClientNtNtNtCs1EirRVmYTZ6_15cogni_providers6openai8provider6OpenAIE3newCsgyDhXtLpw1x_21agentic_features_test
FN:100,_RNvMNtCs7KwJKxSQlzX_12cogni_client8statefulINtB2_14StatefulClientNtNtNtCs1EirRVmYTZ6_15cogni_providers6openai8provider6OpenAIE4chatCsgyDhXtLpw1x_21agentic_features_test
FN:67,_RNvMNtCs7KwJKxSQlzX_12cogni_client8statefulINtB2_14StatefulClientNtNtNtCs1EirRVmYTZ6_15cogni_providers6openai8provider6OpenAIE4saveCsgyDhXtLpw1x_21agentic_features_test
FN:147,_RNCNvMNtCshZjyUOIHxJx_12cogni_client8statefulINtB4_14StatefulClientpE11stream_chat0B6_
FN:257,_RNCNvXs_NtNtCshZjyUOIHxJx_12cogni_client8stateful5testsNtB6_12MockProviderNtNtCsagf8dG4onv5_10cogni_core8provider8Provider6stream0Ba_
FN:144,_RNvMNtCshZjyUOIHxJx_12cogni_client8statefulINtB2_14StatefulClientpE11stream_chatB4_
FN:37,_RNvMNtCshZjyUOIHxJx_12cogni_client8statefulINtB2_14StatefulClientpE13set_auto_saveB4_
FN:259,_RNvXs_NtNtCshZjyUOIHxJx_12cogni_client8stateful5testsNtB4_12MockProviderNtNtCsagf8dG4onv5_10cogni_core8provider8Provider6stream
FN:229,_RNvMNtNtCshZjyUOIHxJx_12cogni_client8stateful5testsNtB2_12MockProvider13with_response
FN:222,_RNvMNtNtCshZjyUOIHxJx_12cogni_client8stateful5testsNtB2_12MockProvider3new
FN:263,_RNvNtNtCshZjyUOIHxJx_12cogni_client8stateful5testss_26test_stateful_client_basic
FN:305,_RNvNtNtCshZjyUOIHxJx_12cogni_client8stateful5testss_28test_conversation_management
FN:255,_RNvXs_NtNtCshZjyUOIHxJx_12cogni_client8stateful5testsNtB4_12MockProviderNtNtCsagf8dG4onv5_10cogni_core8provider8Provider7request
FN:203,_RNCNCNvMNtCshZjyUOIHxJx_12cogni_client8statefulINtB6_14StatefulClientNtNtB6_5tests12MockProviderE12find_by_tags00B8_
FN:60,_RNCNCNvMNtCshZjyUOIHxJx_12cogni_client8statefulINtB6_14StatefulClientNtNtB6_5tests12MockProviderE17load_conversation00B8_
FN:180,_RNCNCNvMNtCshZjyUOIHxJx_12cogni_client8statefulINtB6_14StatefulClientNtNtB6_5tests12MockProviderE18list_conversations00B8_
FN:188,_RNCNCNvMNtCshZjyUOIHxJx_12cogni_client8statefulINtB6_14StatefulClientNtNtB6_5tests12MockProviderE19delete_conversation00B8_
FN:73,_RNCNCNvMNtCshZjyUOIHxJx_12cogni_client8statefulINtB6_14StatefulClientNtNtB6_5tests12MockProviderE4save00B8_
FN:199,_RNCNvMNtCshZjyUOIHxJx_12cogni_client8statefulINtB4_14StatefulClientNtNtB4_5tests12MockProviderE12find_by_tags0B6_
FN:42,_RNCNvMNtCshZjyUOIHxJx_12cogni_client8statefulINtB4_14StatefulClientNtNtB4_5tests12MockProviderE16new_conversation0B6_
FN:54,_RNCNvMNtCshZjyUOIHxJx_12cogni_client8statefulINtB4_14StatefulClientNtNtB4_5tests12MockProviderE17load_conversation0B6_
FN:176,_RNCNvMNtCshZjyUOIHxJx_12cogni_client8statefulINtB4_14StatefulClientNtNtB4_5tests12MockProviderE18list_conversations0B6_
FN:184,_RNCNvMNtCshZjyUOIHxJx_12cogni_client8statefulINtB4_14StatefulClientNtNtB4_5tests12MockProviderE19delete_conversation0B6_
FN:81,_RNCNvMNtCshZjyUOIHxJx_12cogni_client8statefulINtB4_14StatefulClientNtNtB4_5tests12MockProviderE23current_conversation_id0B6_
FN:100,_RNCNvMNtCshZjyUOIHxJx_12cogni_client8statefulINtB4_14StatefulClientNtNtB4_5tests12MockProviderE4chat0B6_
FN:67,_RNCNvMNtCshZjyUOIHxJx_12cogni_client8statefulINtB4_14StatefulClientNtNtB4_5tests12MockProviderE4save0B6_
FN:199,_RNvMNtCshZjyUOIHxJx_12cogni_client8statefulINtB2_14StatefulClientNtNtB2_5tests12MockProviderE12find_by_tagsB4_
FN:95,_RNvMNtCshZjyUOIHxJx_12cogni_client8statefulINtB2_14StatefulClientNtNtB2_5tests12MockProviderE13clear_currentB4_
FN:85,_RNvMNtCshZjyUOIHxJx_12cogni_client8statefulINtB2_14StatefulClientNtNtB2_5tests12MockProviderE13current_stateB4_
FN:42,_RNvMNtCshZjyUOIHxJx_12cogni_client8statefulINtB2_14StatefulClientNtNtB2_5tests12MockProviderE16new_conversationB4_
FN:90,_RNvMNtCshZjyUOIHxJx_12cogni_client8statefulINtB2_14StatefulClientNtNtB2_5tests12MockProviderE17current_state_mutB4_
FN:54,_RNvMNtCshZjyUOIHxJx_12cogni_client8statefulINtB2_14StatefulClientNtNtB2_5tests12MockProviderE17load_conversationB4_
FN:176,_RNvMNtCshZjyUOIHxJx_12cogni_client8statefulINtB2_14StatefulClientNtNtB2_5tests12MockProviderE18list_conversationsB4_
FN:184,_RNvMNtCshZjyUOIHxJx_12cogni_client8statefulINtB2_14StatefulClientNtNtB2_5tests12MockProviderE19delete_conversationB4_
FN:80,_RNvMNtCshZjyUOIHxJx_12cogni_client8statefulINtB2_14StatefulClientNtNtB2_5tests12MockProviderE23current_conversation_idB4_
FN:27,_RNvMNtCshZjyUOIHxJx_12cogni_client8statefulINtB2_14StatefulClientNtNtB2_5tests12MockProviderE3newB4_
FN:100,_RNvMNtCshZjyUOIHxJx_12cogni_client8statefulINtB2_14StatefulClientNtNtB2_5tests12MockProviderE4chatB4_
FN:67,_RNvMNtCshZjyUOIHxJx_12cogni_client8statefulINtB2_14StatefulClientNtNtB2_5tests12MockProviderE4saveB4_
FN:263,_RNCNvNtNtCshZjyUOIHxJx_12cogni_client8stateful5testss_26test_stateful_client_basic0B7_
FN:305,_RNCNvNtNtCshZjyUOIHxJx_12cogni_client8stateful5testss_28test_conversation_management0B7_
FN:240,_RNCNvXs_NtNtCshZjyUOIHxJx_12cogni_client8stateful5testsNtB6_12MockProviderNtNtCsagf8dG4onv5_10cogni_core8provider8Provider7request0Ba_
FNDA:0,_RNCNCNvMNtCs7KwJKxSQlzX_12cogni_client8statefulINtB6_14StatefulClientNtCsgyDhXtLpw1x_21agentic_features_test12MockProviderE17load_conversation00B17_
FNDA:0,_RNCNCNvMNtCs7KwJKxSQlzX_12cogni_client8statefulINtB6_14StatefulClientNtCsgyDhXtLpw1x_21agentic_features_test12MockProviderE18list_conversations00B17_
FNDA:0,_RNCNCNvMNtCs7KwJKxSQlzX_12cogni_client8statefulINtB6_14StatefulClientNtCsgyDhXtLpw1x_21agentic_features_test12MockProviderE4save00B17_
FNDA:0,_RNCNCNvMNtCs7KwJKxSQlzX_12cogni_client8statefulINtB6_14StatefulClientNtNtNtCs1EirRVmYTZ6_15cogni_providers6openai8provider6OpenAIE18list_conversations00CsgyDhXtLpw1x_21agentic_features_test
FNDA:0,_RNCNCNvMNtCs7KwJKxSQlzX_12cogni_client8statefulINtB6_14StatefulClientNtNtNtCs1EirRVmYTZ6_15cogni_providers6openai8provider6OpenAIE4save00CsgyDhXtLpw1x_21agentic_features_test
FNDA:5,_RNCNvMNtCs7KwJKxSQlzX_12cogni_client8statefulINtB4_14StatefulClientNtCsgyDhXtLpw1x_21agentic_features_test12MockProviderE16new_conversation0B15_
FNDA:2,_RNCNvMNtCs7KwJKxSQlzX_12cogni_client8statefulINtB4_14StatefulClientNtCsgyDhXtLpw1x_21agentic_features_test12MockProviderE17load_conversation0B15_
FNDA:1,_RNCNvMNtCs7KwJKxSQlzX_12cogni_client8statefulINtB4_14StatefulClientNtCsgyDhXtLpw1x_21agentic_features_test12MockProviderE18list_conversations0B15_
FNDA:8,_RNCNvMNtCs7KwJKxSQlzX_12cogni_client8statefulINtB4_14StatefulClientNtCsgyDhXtLpw1x_21agentic_features_test12MockProviderE4chat0B15_
FNDA:15,_RNCNvMNtCs7KwJKxSQlzX_12cogni_client8statefulINtB4_14StatefulClientNtCsgyDhXtLpw1x_21agentic_features_test12MockProviderE4save0B15_
FNDA:1,_RNCNvMNtCs7KwJKxSQlzX_12cogni_client8statefulINtB4_14StatefulClientNtNtNtCs1EirRVmYTZ6_15cogni_providers6openai8provider6OpenAIE16new_conversation0CsgyDhXtLpw1x_21agentic_features_test
FNDA:1,_RNCNvMNtCs7KwJKxSQlzX_12cogni_client8statefulINtB4_14StatefulClientNtNtNtCs1EirRVmYTZ6_15cogni_providers6openai8provider6OpenAIE18list_conversations0CsgyDhXtLpw1x_21agentic_features_test
FNDA:1,_RNCNvMNtCs7KwJKxSQlzX_12cogni_client8statefulINtB4_14StatefulClientNtNtNtCs1EirRVmYTZ6_15cogni_providers6openai8provider6OpenAIE4chat0CsgyDhXtLpw1x_21agentic_features_test
FNDA:3,_RNCNvMNtCs7KwJKxSQlzX_12cogni_client8statefulINtB4_14StatefulClientNtNtNtCs1EirRVmYTZ6_15cogni_providers6openai8provider6OpenAIE4save0CsgyDhXtLpw1x_21agentic_features_test
FNDA:5,_RNvMNtCs7KwJKxSQlzX_12cogni_client8statefulINtB2_14StatefulClientNtCsgyDhXtLpw1x_21agentic_features_test12MockProviderE13current_stateB13_
FNDA:5,_RNvMNtCs7KwJKxSQlzX_12cogni_client8statefulINtB2_14StatefulClientNtCsgyDhXtLpw1x_21agentic_features_test12MockProviderE16new_conversationB13_
FNDA:4,_RNvMNtCs7KwJKxSQlzX_12cogni_client8statefulINtB2_14StatefulClientNtCsgyDhXtLpw1x_21agentic_features_test12MockProviderE17current_state_mutB13_
FNDA:2,_RNvMNtCs7KwJKxSQlzX_12cogni_client8statefulINtB2_14StatefulClientNtCsgyDhXtLpw1x_21agentic_features_test12MockProviderE17load_conversationB13_
FNDA:1,_RNvMNtCs7KwJKxSQlzX_12cogni_client8statefulINtB2_14StatefulClientNtCsgyDhXtLpw1x_21agentic_features_test12MockProviderE18list_conversationsB13_
FNDA:7,_RNvMNtCs7KwJKxSQlzX_12cogni_client8statefulINtB2_14StatefulClientNtCsgyDhXtLpw1x_21agentic_features_test12MockProviderE3newB13_
FNDA:8,_RNvMNtCs7KwJKxSQlzX_12cogni_client8statefulINtB2_14StatefulClientNtCsgyDhXtLpw1x_21agentic_features_test12MockProviderE4chatB13_
FNDA:15,_RNvMNtCs7KwJKxSQlzX_12cogni_client8statefulINtB2_14StatefulClientNtCsgyDhXtLpw1x_21agentic_features_test12MockProviderE4saveB13_
FNDA:1,_RNvMNtCs7KwJKxSQlzX_12cogni_client8statefulINtB2_14StatefulClientNtNtNtCs1EirRVmYTZ6_15cogni_providers6openai8provider6OpenAIE13current_stateCsgyDhXtLpw1x_21agentic_features_test
FNDA:1,_RNvMNtCs7KwJKxSQlzX_12cogni_client8statefulINtB2_14StatefulClientNtNtNtCs1EirRVmYTZ6_15cogni_providers6openai8provider6OpenAIE16new_conversationCsgyDhXtLpw1x_21agentic_features_test
FNDA:1,_RNvMNtCs7KwJKxSQlzX_12cogni_client8statefulINtB2_14StatefulClientNtNtNtCs1EirRVmYTZ6_15cogni_providers6openai8provider6OpenAIE17current_state_mutCsgyDhXtLpw1x_21agentic_features_test
FNDA:1,_RNvMNtCs7KwJKxSQlzX_12cogni_client8statefulINtB2_14StatefulClientNtNtNtCs1EirRVmYTZ6_15cogni_providers6openai8provider6OpenAIE18list_conversationsCsgyDhXtLpw1x_21agentic_features_test
FNDA:1,_RNvMNtCs7KwJKxSQlzX_12cogni_client8statefulINtB2_14StatefulClientNtNtNtCs1EirRVmYTZ6_15cogni_providers6openai8provider6OpenAIE3newCsgyDhXtLpw1x_21agentic_features_test
FNDA:1,_RNvMNtCs7KwJKxSQlzX_12cogni_client8statefulINtB2_14StatefulClientNtNtNtCs1EirRVmYTZ6_15cogni_providers6openai8provider6OpenAIE4chatCsgyDhXtLpw1x_21agentic_features_test
FNDA:3,_RNvMNtCs7KwJKxSQlzX_12cogni_client8statefulINtB2_14StatefulClientNtNtNtCs1EirRVmYTZ6_15cogni_providers6openai8provider6OpenAIE4saveCsgyDhXtLpw1x_21agentic_features_test
FNDA:0,_RNCNvMNtCshZjyUOIHxJx_12cogni_client8statefulINtB4_14StatefulClientpE11stream_chat0B6_
FNDA:0,_RNCNvXs_NtNtCshZjyUOIHxJx_12cogni_client8stateful5testsNtB6_12MockProviderNtNtCsagf8dG4onv5_10cogni_core8provider8Provider6stream0Ba_
FNDA:0,_RNvMNtCshZjyUOIHxJx_12cogni_client8statefulINtB2_14StatefulClientpE11stream_chatB4_
FNDA:0,_RNvMNtCshZjyUOIHxJx_12cogni_client8statefulINtB2_14StatefulClientpE13set_auto_saveB4_
FNDA:0,_RNvXs_NtNtCshZjyUOIHxJx_12cogni_client8stateful5testsNtB4_12MockProviderNtNtCsagf8dG4onv5_10cogni_core8provider8Provider6stream
FNDA:1,_RNvMNtNtCshZjyUOIHxJx_12cogni_client8stateful5testsNtB2_12MockProvider13with_response
FNDA:2,_RNvMNtNtCshZjyUOIHxJx_12cogni_client8stateful5testsNtB2_12MockProvider3new
FNDA:1,_RNvNtNtCshZjyUOIHxJx_12cogni_client8stateful5testss_26test_stateful_client_basic
FNDA:1,_RNvNtNtCshZjyUOIHxJx_12cogni_client8stateful5testss_28test_conversation_management
FNDA:1,_RNvXs_NtNtCshZjyUOIHxJx_12cogni_client8stateful5testsNtB4_12MockProviderNtNtCsagf8dG4onv5_10cogni_core8provider8Provider7request
FNDA:0,_RNCNCNvMNtCshZjyUOIHxJx_12cogni_client8statefulINtB6_14StatefulClientNtNtB6_5tests12MockProviderE12find_by_tags00B8_
FNDA:0,_RNCNCNvMNtCshZjyUOIHxJx_12cogni_client8statefulINtB6_14StatefulClientNtNtB6_5tests12MockProviderE17load_conversation00B8_
FNDA:0,_RNCNCNvMNtCshZjyUOIHxJx_12cogni_client8statefulINtB6_14StatefulClientNtNtB6_5tests12MockProviderE18list_conversations00B8_
FNDA:0,_RNCNCNvMNtCshZjyUOIHxJx_12cogni_client8statefulINtB6_14StatefulClientNtNtB6_5tests12MockProviderE19delete_conversation00B8_
FNDA:0,_RNCNCNvMNtCshZjyUOIHxJx_12cogni_client8statefulINtB6_14StatefulClientNtNtB6_5tests12MockProviderE4save00B8_
FNDA:1,_RNCNvMNtCshZjyUOIHxJx_12cogni_client8statefulINtB4_14StatefulClientNtNtB4_5tests12MockProviderE12find_by_tags0B6_
FNDA:3,_RNCNvMNtCshZjyUOIHxJx_12cogni_client8statefulINtB4_14StatefulClientNtNtB4_5tests12MockProviderE16new_conversation0B6_
FNDA:1,_RNCNvMNtCshZjyUOIHxJx_12cogni_client8statefulINtB4_14StatefulClientNtNtB4_5tests12MockProviderE17load_conversation0B6_
FNDA:2,_RNCNvMNtCshZjyUOIHxJx_12cogni_client8statefulINtB4_14StatefulClientNtNtB4_5tests12MockProviderE18list_conversations0B6_
FNDA:1,_RNCNvMNtCshZjyUOIHxJx_12cogni_client8statefulINtB4_14StatefulClientNtNtB4_5tests12MockProviderE19delete_conversation0B6_
FNDA:3,_RNCNvMNtCshZjyUOIHxJx_12cogni_client8statefulINtB4_14StatefulClientNtNtB4_5tests12MockProviderE23current_conversation_id0B6_
FNDA:1,_RNCNvMNtCshZjyUOIHxJx_12cogni_client8statefulINtB4_14StatefulClientNtNtB4_5tests12MockProviderE4chat0B6_
FNDA:6,_RNCNvMNtCshZjyUOIHxJx_12cogni_client8statefulINtB4_14StatefulClientNtNtB4_5tests12MockProviderE4save0B6_
FNDA:1,_RNvMNtCshZjyUOIHxJx_12cogni_client8statefulINtB2_14StatefulClientNtNtB2_5tests12MockProviderE12find_by_tagsB4_
FNDA:0,_RNvMNtCshZjyUOIHxJx_12cogni_client8statefulINtB2_14StatefulClientNtNtB2_5tests12MockProviderE13clear_currentB4_
FNDA:1,_RNvMNtCshZjyUOIHxJx_12cogni_client8statefulINtB2_14StatefulClientNtNtB2_5tests12MockProviderE13current_stateB4_
FNDA:3,_RNvMNtCshZjyUOIHxJx_12cogni_client8statefulINtB2_14StatefulClientNtNtB2_5tests12MockProviderE16new_conversationB4_
FNDA:4,_RNvMNtCshZjyUOIHxJx_12cogni_client8statefulINtB2_14StatefulClientNtNtB2_5tests12MockProviderE17current_state_mutB4_
FNDA:1,_RNvMNtCshZjyUOIHxJx_12cogni_client8statefulINtB2_14StatefulClientNtNtB2_5tests12MockProviderE17load_conversationB4_
FNDA:2,_RNvMNtCshZjyUOIHxJx_12cogni_client8statefulINtB2_14StatefulClientNtNtB2_5tests12MockProviderE18list_conversationsB4_
FNDA:1,_RNvMNtCshZjyUOIHxJx_12cogni_client8statefulINtB2_14StatefulClientNtNtB2_5tests12MockProviderE19delete_conversationB4_
FNDA:3,_RNvMNtCshZjyUOIHxJx_12cogni_client8statefulINtB2_14StatefulClientNtNtB2_5tests12MockProviderE23current_conversation_idB4_
FNDA:2,_RNvMNtCshZjyUOIHxJx_12cogni_client8statefulINtB2_14StatefulClientNtNtB2_5tests12MockProviderE3newB4_
FNDA:1,_RNvMNtCshZjyUOIHxJx_12cogni_client8statefulINtB2_14StatefulClientNtNtB2_5tests12MockProviderE4chatB4_
FNDA:6,_RNvMNtCshZjyUOIHxJx_12cogni_client8statefulINtB2_14StatefulClientNtNtB2_5tests12MockProviderE4saveB4_
FNDA:1,_RNCNvNtNtCshZjyUOIHxJx_12cogni_client8stateful5testss_26test_stateful_client_basic0B7_
FNDA:1,_RNCNvNtNtCshZjyUOIHxJx_12cogni_client8stateful5testss_28test_conversation_management0B7_
FNDA:1,_RNCNvXs_NtNtCshZjyUOIHxJx_12cogni_client8stateful5testsNtB6_12MockProviderNtNtCsagf8dG4onv5_10cogni_core8provider8Provider7request0Ba_
FNF:38
FNH:27
DA:27,10
DA:28,10
DA:29,10
DA:30,10
DA:31,10
DA:32,10
DA:33,10
DA:34,10
DA:37,0
DA:38,0
DA:39,0
DA:42,9
DA:43,9
DA:44,9
DA:45,9
DA:46,9
DA:47,9
DA:48,0
DA:49,9
DA:50,9
DA:51,9
DA:54,3
DA:55,3
DA:56,3
DA:57,3
DA:58,3
DA:59,3
DA:60,3
DA:61,3
DA:62,3
DA:63,3
DA:64,3
DA:67,24
DA:68,24
DA:69,24
DA:70,24
DA:71,24
DA:72,24
DA:73,24
DA:74,24
DA:75,0
DA:76,24
DA:77,24
DA:80,3
DA:81,3
DA:82,3
DA:85,7
DA:86,7
DA:87,7
DA:90,9
DA:91,9
DA:92,9
DA:95,0
DA:96,0
DA:97,0
DA:100,10
DA:101,10
DA:102,10
DA:103,0
DA:104,10
DA:106,10
DA:107,10
DA:108,10
DA:109,10
DA:110,10
DA:111,10
DA:112,10
DA:113,10
DA:114,10
DA:115,10
DA:116,10
DA:117,10
DA:118,10
DA:119,10
DA:122,10
DA:125,10
DA:126,10
DA:127,10
DA:130,10
DA:131,10
DA:132,10
DA:133,10
DA:136,10
DA:137,10
DA:138,0
DA:140,10
DA:141,10
DA:144,0
DA:145,0
DA:146,0
DA:147,0
DA:148,0
DA:149,0
DA:150,0
DA:151,0
DA:153,0
DA:154,0
DA:155,0
DA:156,0
DA:157,0
DA:158,0
DA:159,0
DA:160,0
DA:161,0
DA:162,0
DA:163,0
DA:164,0
DA:165,0
DA:166,0
DA:170,0
DA:172,0
DA:173,0
DA:176,4
DA:177,4
DA:178,4
DA:179,4
DA:180,4
DA:181,4
DA:184,1
DA:185,1
DA:186,1
DA:187,1
DA:188,1
DA:191,1
DA:192,0
DA:193,1
DA:195,1
DA:196,1
DA:199,1
DA:200,1
DA:201,1
DA:202,1
DA:203,1
DA:204,1
DA:222,2
DA:223,2
DA:224,2
DA:225,2
DA:226,2
DA:227,2
DA:229,1
DA:230,1
DA:231,1
DA:232,1
DA:240,1
DA:241,1
DA:242,1
DA:243,1
DA:244,1
DA:245,1
DA:246,1
DA:247,1
DA:249,0
DA:250,0
DA:251,0
DA:252,0
DA:253,0
DA:255,2
DA:257,0
DA:258,0
DA:259,0
DA:263,1
DA:264,1
DA:265,1
DA:266,1
DA:267,1
DA:268,1
DA:269,1
DA:270,1
DA:271,1
DA:272,1
DA:273,1
DA:274,1
DA:275,1
DA:276,1
DA:277,1
DA:278,1
DA:279,1
DA:280,1
DA:281,1
DA:282,1
DA:283,1
DA:284,1
DA:285,1
DA:286,1
DA:287,1
DA:288,1
DA:289,1
DA:290,1
DA:291,1
DA:292,1
DA:293,1
DA:294,1
DA:295,1
DA:296,1
DA:297,1
DA:298,1
DA:299,1
DA:300,1
DA:301,1
DA:302,1
DA:305,1
DA:306,1
DA:307,1
DA:308,1
DA:309,1
DA:310,1
DA:311,1
DA:312,1
DA:313,1
DA:314,1
DA:315,1
DA:316,1
DA:317,1
DA:318,1
DA:319,1
DA:320,1
DA:321,1
DA:322,1
DA:323,1
DA:324,1
DA:325,1
DA:326,1
DA:327,1
DA:328,1
DA:329,1
DA:330,1
DA:331,1
DA:332,1
DA:333,1
DA:334,1
DA:335,1
DA:336,1
DA:337,1
DA:338,1
DA:339,1
DA:340,1
DA:341,1
DA:342,1
DA:343,1
DA:344,1
DA:345,1
BRF:0
BRH:0
LF:318
LH:267
end_of_record
SF:/Users/jkh/Code/ai/cogni/cogni-context/src/counter.rs
FN:34,_RNCNvYNtNtCs4iTIVX4RZ9L_13cogni_context7counter15TiktokenCounterNtB6_12TokenCounter14count_messages0CsgyDhXtLpw1x_21agentic_features_test
FN:13,_RNvYNtNtCs4iTIVX4RZ9L_13cogni_context7counter15TiktokenCounterNtB4_12TokenCounter13count_messageCsgyDhXtLpw1x_21agentic_features_test
FN:33,_RNvYNtNtCs4iTIVX4RZ9L_13cogni_context7counter15TiktokenCounterNtB4_12TokenCounter14count_messagesCsgyDhXtLpw1x_21agentic_features_test
FN:48,_RNCNvMNtCs4iTIVX4RZ9L_13cogni_context7counterNtB4_15TiktokenCounter9for_model0B6_
FN:51,_RNCNvMNtCs4iTIVX4RZ9L_13cogni_context7counterNtB4_15TiktokenCounter9for_models_0B6_
FN:59,_RNvMNtCs4iTIVX4RZ9L_13cogni_context7counterNtB2_15TiktokenCounter12with_encoder
FN:46,_RNvMNtCs4iTIVX4RZ9L_13cogni_context7counterNtB2_15TiktokenCounter9for_model
FN:68,_RNvXs_NtCs4iTIVX4RZ9L_13cogni_context7counterNtB4_15TiktokenCounterNtB4_12TokenCounter10count_text
FN:72,_RNvXs_NtCs4iTIVX4RZ9L_13cogni_context7counterNtB4_15TiktokenCounterNtB4_12TokenCounter20model_context_window
FN:34,_RNCNvYpNtNtCs4iTIVX4RZ9L_13cogni_context7counter12TokenCounter14count_messages0B9_
FN:13,_RNvYpNtNtCs4iTIVX4RZ9L_13cogni_context7counter12TokenCounter13count_messageB7_
FN:33,_RNvYpNtNtCs4iTIVX4RZ9L_13cogni_context7counter12TokenCounter14count_messagesB7_
FN:13,_RNvYNtNvNtNtCsjRSNOzM2ApR_13cogni_context7counter5testss_19test_token_counting11MockCounterNtB8_12TokenCounter13count_messageBa_
FN:33,_RNvYNtNvNtNtCsjRSNOzM2ApR_13cogni_context7counter5testss_19test_token_counting11MockCounterNtB8_12TokenCounter14count_messagesBa_
FN:48,_RNCNvMNtCsjRSNOzM2ApR_13cogni_context7counterNtB4_15TiktokenCounter9for_model0B6_
FN:51,_RNCNvMNtCsjRSNOzM2ApR_13cogni_context7counterNtB4_15TiktokenCounter9for_models_0B6_
FN:59,_RNvMNtCsjRSNOzM2ApR_13cogni_context7counterNtB2_15TiktokenCounter12with_encoder
FN:46,_RNvMNtCsjRSNOzM2ApR_13cogni_context7counterNtB2_15TiktokenCounter9for_model
FN:94,_RNvXNvNtNtCsjRSNOzM2ApR_13cogni_context7counter5testss_19test_token_countingNtB2_11MockCounterNtB6_12TokenCounter20model_context_window
FN:68,_RNvXs_NtCsjRSNOzM2ApR_13cogni_context7counterNtB4_15TiktokenCounterNtB4_12TokenCounter10count_text
FN:72,_RNvXs_NtCsjRSNOzM2ApR_13cogni_context7counterNtB4_15TiktokenCounterNtB4_12TokenCounter20model_context_window
FN:34,_RNCNvYNtNvNtNtCsjRSNOzM2ApR_13cogni_context7counter5testss_19test_token_counting11MockCounterNtBa_12TokenCounter14count_messages0Bc_
FN:83,_RNvNtNtCsjRSNOzM2ApR_13cogni_context7counter5testss_19test_token_counting
FN:89,_RNvXNvNtNtCsjRSNOzM2ApR_13cogni_context7counter5testss_19test_token_countingNtB2_11MockCounterNtB6_12TokenCounter10count_text
FNDA:3,_RNCNvYNtNtCs4iTIVX4RZ9L_13cogni_context7counter15TiktokenCounterNtB6_12TokenCounter14count_messages0CsgyDhXtLpw1x_21agentic_features_test
FNDA:3,_RNvYNtNtCs4iTIVX4RZ9L_13cogni_context7counter15TiktokenCounterNtB4_12TokenCounter13count_messageCsgyDhXtLpw1x_21agentic_features_test
FNDA:1,_RNvYNtNtCs4iTIVX4RZ9L_13cogni_context7counter15TiktokenCounterNtB4_12TokenCounter14count_messagesCsgyDhXtLpw1x_21agentic_features_test
FNDA:0,_RNCNvMNtCs4iTIVX4RZ9L_13cogni_context7counterNtB4_15TiktokenCounter9for_model0B6_
FNDA:0,_RNCNvMNtCs4iTIVX4RZ9L_13cogni_context7counterNtB4_15TiktokenCounter9for_models_0B6_
FNDA:0,_RNvMNtCs4iTIVX4RZ9L_13cogni_context7counterNtB2_15TiktokenCounter12with_encoder
FNDA:1,_RNvMNtCs4iTIVX4RZ9L_13cogni_context7counterNtB2_15TiktokenCounter9for_model
FNDA:6,_RNvXs_NtCs4iTIVX4RZ9L_13cogni_context7counterNtB4_15TiktokenCounterNtB4_12TokenCounter10count_text
FNDA:1,_RNvXs_NtCs4iTIVX4RZ9L_13cogni_context7counterNtB4_15TiktokenCounterNtB4_12TokenCounter20model_context_window
FNDA:0,_RNCNvYpNtNtCs4iTIVX4RZ9L_13cogni_context7counter12TokenCounter14count_messages0B9_
FNDA:0,_RNvYpNtNtCs4iTIVX4RZ9L_13cogni_context7counter12TokenCounter13count_messageB7_
FNDA:0,_RNvYpNtNtCs4iTIVX4RZ9L_13cogni_context7counter12TokenCounter14count_messagesB7_
FNDA:4,_RNvYNtNvNtNtCsjRSNOzM2ApR_13cogni_context7counter5testss_19test_token_counting11MockCounterNtB8_12TokenCounter13count_messageBa_
FNDA:1,_RNvYNtNvNtNtCsjRSNOzM2ApR_13cogni_context7counter5testss_19test_token_counting11MockCounterNtB8_12TokenCounter14count_messagesBa_
FNDA:0,_RNCNvMNtCsjRSNOzM2ApR_13cogni_context7counterNtB4_15TiktokenCounter9for_model0B6_
FNDA:0,_RNCNvMNtCsjRSNOzM2ApR_13cogni_context7counterNtB4_15TiktokenCounter9for_models_0B6_
FNDA:0,_RNvMNtCsjRSNOzM2ApR_13cogni_context7counterNtB2_15TiktokenCounter12with_encoder
FNDA:0,_RNvMNtCsjRSNOzM2ApR_13cogni_context7counterNtB2_15TiktokenCounter9for_model
FNDA:0,_RNvXNvNtNtCsjRSNOzM2ApR_13cogni_context7counter5testss_19test_token_countingNtB2_11MockCounterNtB6_12TokenCounter20model_context_window
FNDA:0,_RNvXs_NtCsjRSNOzM2ApR_13cogni_context7counterNtB4_15TiktokenCounterNtB4_12TokenCounter10count_text
FNDA:0,_RNvXs_NtCsjRSNOzM2ApR_13cogni_context7counterNtB4_15TiktokenCounterNtB4_12TokenCounter20model_context_window
FNDA:3,_RNCNvYNtNvNtNtCsjRSNOzM2ApR_13cogni_context7counter5testss_19test_token_counting11MockCounterNtBa_12TokenCounter14count_messages0Bc_
FNDA:1,_RNvNtNtCsjRSNOzM2ApR_13cogni_context7counter5testss_19test_token_counting
FNDA:8,_RNvXNvNtNtCsjRSNOzM2ApR_13cogni_context7counter5testss_19test_token_countingNtB2_11MockCounterNtB6_12TokenCounter10count_text
FNF:12
FNH:8
DA:13,7
DA:14,7
DA:15,7
DA:16,7
DA:17,7
DA:20,7
DA:21,7
DA:22,7
DA:25,7
DA:26,0
DA:27,7
DA:30,7
DA:31,7
DA:33,2
DA:34,6
DA:35,2
DA:46,1
DA:47,1
DA:48,1
DA:50,1
DA:51,1
DA:53,1
DA:54,1
DA:55,1
DA:56,1
DA:57,1
DA:59,0
DA:60,0
DA:61,0
DA:62,0
DA:63,0
DA:64,0
DA:68,6
DA:69,6
DA:70,6
DA:72,1
DA:73,1
DA:74,1
DA:83,1
DA:89,8
DA:90,8
DA:91,8
DA:92,8
DA:94,0
DA:95,0
DA:96,0
DA:99,1
DA:100,1
DA:101,1
DA:102,1
DA:103,1
DA:105,1
DA:106,1
DA:107,1
DA:108,1
DA:109,1
DA:110,1
DA:111,1
DA:112,1
DA:113,1
BRF:0
BRH:0
LF:63
LH:51
end_of_record
SF:/Users/jkh/Code/ai/cogni/cogni-context/src/error.rs
FN:25,_RNvXNtCs4iTIVX4RZ9L_13cogni_context5errorNtNtCsagf8dG4onv5_10cogni_core5error5ErrorINtNtCsfvfooZQ3Axs_4core7convert4FromNtB2_12ContextErrorE4from
FN:25,_RNvXNtCsjRSNOzM2ApR_13cogni_context5errorNtNtCsagf8dG4onv5_10cogni_core5error5ErrorINtNtCsfvfooZQ3Axs_4core7convert4FromNtB2_12ContextErrorE4from
FN:35,_RNvNtNtCsjRSNOzM2ApR_13cogni_context5error5testss_18test_error_display
FN:72,_RNvNtNtCsjRSNOzM2ApR_13cogni_context5error5testss_31test_all_error_variants_convert
FN:59,_RNvNtNtCsjRSNOzM2ApR_13cogni_context5error5testss_35test_error_conversion_to_core_error
FNDA:0,_RNvXNtCs4iTIVX4RZ9L_13cogni_context5errorNtNtCsagf8dG4onv5_10cogni_core5error5ErrorINtNtCsfvfooZQ3Axs_4core7convert4FromNtB2_12ContextErrorE4from
FNDA:7,_RNvXNtCsjRSNOzM2ApR_13cogni_context5errorNtNtCsagf8dG4onv5_10cogni_core5error5ErrorINtNtCsfvfooZQ3Axs_4core7convert4FromNtB2_12ContextErrorE4from
FNDA:1,_RNvNtNtCsjRSNOzM2ApR_13cogni_context5error5testss_18test_error_display
FNDA:1,_RNvNtNtCsjRSNOzM2ApR_13cogni_context5error5testss_31test_all_error_variants_convert
FNDA:1,_RNvNtNtCsjRSNOzM2ApR_13cogni_context5error5testss_35test_error_conversion_to_core_error
FNF:4
FNH:4
DA:25,7
DA:26,7
DA:27,7
DA:35,1
DA:36,1
DA:37,1
DA:39,1
DA:40,1
DA:42,1
DA:43,1
DA:44,1
DA:45,1
DA:46,1
DA:48,1
DA:49,1
DA:51,1
DA:52,1
DA:54,1
DA:55,1
DA:56,1
DA:59,1
DA:60,1
DA:61,1
DA:62,1
DA:63,1
DA:64,1
DA:65,1
DA:67,0
DA:69,1
DA:72,1
DA:73,1
DA:74,1
DA:75,1
DA:76,1
DA:77,1
DA:78,1
DA:79,1
DA:80,1
DA:82,7
DA:83,6
DA:84,6
DA:86,1
BRF:0
BRH:0
LF:42
LH:41
end_of_record
SF:/Users/jkh/Code/ai/cogni/cogni-context/src/manager.rs
FN:44,_RNCNvMNtCs4iTIVX4RZ9L_13cogni_context7managerNtB4_14ContextManager12fit_messages0CsgyDhXtLpw1x_21agentic_features_test
FN:44,_RNvMNtCs4iTIVX4RZ9L_13cogni_context7managerNtB2_14ContextManager12fit_messages
FN:35,_RNvMNtCs4iTIVX4RZ9L_13cogni_context7managerNtB2_14ContextManager13with_strategy
FN:63,_RNvMNtCs4iTIVX4RZ9L_13cogni_context7managerNtB2_14ContextManager14count_messages
FN:25,_RNvMNtCs4iTIVX4RZ9L_13cogni_context7managerNtB2_14ContextManager15with_max_tokens
FN:40,_RNvMNtCs4iTIVX4RZ9L_13cogni_context7managerNtB2_14ContextManager16available_tokens
FN:71,_RNvMNtCs4iTIVX4RZ9L_13cogni_context7managerNtB2_14ContextManager16tokens_remaining
FN:30,_RNvMNtCs4iTIVX4RZ9L_13cogni_context7managerNtB2_14ContextManager26with_reserve_output_tokens
FN:15,_RNvMNtCs4iTIVX4RZ9L_13cogni_context7managerNtB2_14ContextManager3new
FN:67,_RNvMNtCs4iTIVX4RZ9L_13cogni_context7managerNtB2_14ContextManager9would_fit
FN:44,_RNCNvMNtCs4iTIVX4RZ9L_13cogni_context7managerNtB4_14ContextManager12fit_messages0CshZjyUOIHxJx_12cogni_client
FN:44,_RNCNvMNtCs4iTIVX4RZ9L_13cogni_context7managerNtB4_14ContextManager12fit_messages0B6_
FN:44,_RNCNvMNtCsjRSNOzM2ApR_13cogni_context7managerNtB4_14ContextManager12fit_messages0B6_
FN:112,_RNvNtNtCsjRSNOzM2ApR_13cogni_context7manager5testss_31test_context_manager_no_pruning
FN:129,_RNvNtNtCsjRSNOzM2ApR_13cogni_context7manager5testss_33test_context_manager_with_pruning
FN:94,_RNvXNtNtCsjRSNOzM2ApR_13cogni_context7manager5testsNtB2_11MockCounterNtNtB6_7counter12TokenCounter10count_text
FN:98,_RNvXNtNtCsjRSNOzM2ApR_13cogni_context7manager5testsNtB2_11MockCounterNtNtB6_7counter12TokenCounter13count_message
FN:102,_RNvXNtNtCsjRSNOzM2ApR_13cogni_context7manager5testsNtB2_11MockCounterNtNtB6_7counter12TokenCounter14count_messages
FN:106,_RNvXNtNtCsjRSNOzM2ApR_13cogni_context7manager5testsNtB2_11MockCounterNtNtB6_7counter12TokenCounter20model_context_window
FN:44,_RNvMNtCsjRSNOzM2ApR_13cogni_context7managerNtB2_14ContextManager12fit_messages
FN:35,_RNvMNtCsjRSNOzM2ApR_13cogni_context7managerNtB2_14ContextManager13with_strategy
FN:63,_RNvMNtCsjRSNOzM2ApR_13cogni_context7managerNtB2_14ContextManager14count_messages
FN:40,_RNvMNtCsjRSNOzM2ApR_13cogni_context7managerNtB2_14ContextManager16available_tokens
FN:30,_RNvMNtCsjRSNOzM2ApR_13cogni_context7managerNtB2_14ContextManager26with_reserve_output_tokens
FN:15,_RNvMNtCsjRSNOzM2ApR_13cogni_context7managerNtB2_14ContextManager3new
FN:67,_RNvMNtCsjRSNOzM2ApR_13cogni_context7managerNtB2_14ContextManager9would_fit
FN:25,_RNvMNtCsjRSNOzM2ApR_13cogni_context7managerNtB2_14ContextManager15with_max_tokens
FN:71,_RNvMNtCsjRSNOzM2ApR_13cogni_context7managerNtB2_14ContextManager16tokens_remaining
FN:112,_RNCNvNtNtCsjRSNOzM2ApR_13cogni_context7manager5testss_31test_context_manager_no_pruning0B7_
FN:129,_RNCNvNtNtCsjRSNOzM2ApR_13cogni_context7manager5testss_33test_context_manager_with_pruning0B7_
FN:44,_RNCNvMNtCs4iTIVX4RZ9L_13cogni_context7managerNtB4_14ContextManager12fit_messages0CsQadenfUz7B_22structured_output_test
FNDA:4,_RNCNvMNtCs4iTIVX4RZ9L_13cogni_context7managerNtB4_14ContextManager12fit_messages0CsgyDhXtLpw1x_21agentic_features_test
FNDA:4,_RNvMNtCs4iTIVX4RZ9L_13cogni_context7managerNtB2_14ContextManager12fit_messages
FNDA:3,_RNvMNtCs4iTIVX4RZ9L_13cogni_context7managerNtB2_14ContextManager13with_strategy
FNDA:0,_RNvMNtCs4iTIVX4RZ9L_13cogni_context7managerNtB2_14ContextManager14count_messages
FNDA:4,_RNvMNtCs4iTIVX4RZ9L_13cogni_context7managerNtB2_14ContextManager15with_max_tokens
FNDA:4,_RNvMNtCs4iTIVX4RZ9L_13cogni_context7managerNtB2_14ContextManager16available_tokens
FNDA:0,_RNvMNtCs4iTIVX4RZ9L_13cogni_context7managerNtB2_14ContextManager16tokens_remaining
FNDA:4,_RNvMNtCs4iTIVX4RZ9L_13cogni_context7managerNtB2_14ContextManager26with_reserve_output_tokens
FNDA:4,_RNvMNtCs4iTIVX4RZ9L_13cogni_context7managerNtB2_14ContextManager3new
FNDA:0,_RNvMNtCs4iTIVX4RZ9L_13cogni_context7managerNtB2_14ContextManager9would_fit
FNDA:0,_RNCNvMNtCs4iTIVX4RZ9L_13cogni_context7managerNtB4_14ContextManager12fit_messages0CshZjyUOIHxJx_12cogni_client
FNDA:0,_RNCNvMNtCs4iTIVX4RZ9L_13cogni_context7managerNtB4_14ContextManager12fit_messages0B6_
FNDA:2,_RNCNvMNtCsjRSNOzM2ApR_13cogni_context7managerNtB4_14ContextManager12fit_messages0B6_
FNDA:1,_RNvNtNtCsjRSNOzM2ApR_13cogni_context7manager5testss_31test_context_manager_no_pruning
FNDA:1,_RNvNtNtCsjRSNOzM2ApR_13cogni_context7manager5testss_33test_context_manager_with_pruning
FNDA:0,_RNvXNtNtCsjRSNOzM2ApR_13cogni_context7manager5testsNtB2_11MockCounterNtNtB6_7counter12TokenCounter10count_text
FNDA:6,_RNvXNtNtCsjRSNOzM2ApR_13cogni_context7manager5testsNtB2_11MockCounterNtNtB6_7counter12TokenCounter13count_message
FNDA:3,_RNvXNtNtCsjRSNOzM2ApR_13cogni_context7manager5testsNtB2_11MockCounterNtNtB6_7counter12TokenCounter14count_messages
FNDA:2,_RNvXNtNtCsjRSNOzM2ApR_13cogni_context7manager5testsNtB2_11MockCounterNtNtB6_7counter12TokenCounter20model_context_window
FNDA:2,_RNvMNtCsjRSNOzM2ApR_13cogni_context7managerNtB2_14ContextManager12fit_messages
FNDA:1,_RNvMNtCsjRSNOzM2ApR_13cogni_context7managerNtB2_14ContextManager13with_strategy
FNDA:1,_RNvMNtCsjRSNOzM2ApR_13cogni_context7managerNtB2_14ContextManager14count_messages
FNDA:3,_RNvMNtCsjRSNOzM2ApR_13cogni_context7managerNtB2_14ContextManager16available_tokens
FNDA:2,_RNvMNtCsjRSNOzM2ApR_13cogni_context7managerNtB2_14ContextManager26with_reserve_output_tokens
FNDA:2,_RNvMNtCsjRSNOzM2ApR_13cogni_context7managerNtB2_14ContextManager3new
FNDA:1,_RNvMNtCsjRSNOzM2ApR_13cogni_context7managerNtB2_14ContextManager9would_fit
FNDA:0,_RNvMNtCsjRSNOzM2ApR_13cogni_context7managerNtB2_14ContextManager15with_max_tokens
FNDA:0,_RNvMNtCsjRSNOzM2ApR_13cogni_context7managerNtB2_14ContextManager16tokens_remaining
FNDA:1,_RNCNvNtNtCsjRSNOzM2ApR_13cogni_context7manager5testss_31test_context_manager_no_pruning0B7_
FNDA:1,_RNCNvNtNtCsjRSNOzM2ApR_13cogni_context7manager5testss_33test_context_manager_with_pruning0B7_
FNDA:0,_RNCNvMNtCs4iTIVX4RZ9L_13cogni_context7managerNtB4_14ContextManager12fit_messages0CsQadenfUz7B_22structured_output_test
FNF:18
FNH:16
DA:15,6
DA:16,6
DA:17,6
DA:18,6
DA:19,6
DA:20,6
DA:21,6
DA:22,6
DA:23,6
DA:25,4
DA:26,4
DA:27,4
DA:28,4
DA:30,6
DA:31,6
DA:32,6
DA:33,6
DA:35,4
DA:36,4
DA:37,4
DA:38,4
DA:40,7
DA:41,7
DA:42,7
DA:44,6
DA:45,6
DA:46,6
DA:47,6
DA:48,6
DA:49,3
DA:50,3
DA:51,3
DA:52,3
DA:53,0
DA:58,3
DA:59,3
DA:60,3
DA:61,6
DA:63,1
DA:64,1
DA:65,1
DA:67,1
DA:68,1
DA:69,1
DA:71,0
DA:72,0
DA:73,0
DA:74,0
DA:75,0
DA:76,0
DA:78,0
DA:80,0
DA:94,0
DA:95,0
DA:96,0
DA:98,6
DA:99,6
DA:100,6
DA:102,3
DA:103,3
DA:104,3
DA:106,2
DA:107,2
DA:108,2
DA:112,1
DA:113,1
DA:114,1
DA:115,1
DA:116,1
DA:117,1
DA:118,1
DA:119,1
DA:120,1
DA:121,1
DA:122,1
DA:123,1
DA:124,1
DA:125,1
DA:126,1
DA:129,1
DA:130,1
DA:131,1
DA:132,1
DA:133,1
[...]
FNDA:0,_RNCNvMNtCsaHsRlZ6Cj7k_11cogni_tools8registryNtB4_12ToolRegistry8is_empty0B6_
FNDA:0,_RNCNvMs0_NtCsaHsRlZ6Cj7k_11cogni_tools8registryNtB7_15RegistryBuilder5build0B9_
FNDA:1,_RNCNCNCNvNtNtCsbetyD5oBZpQ_11cogni_tools8registry5testss_30test_registry_basic_operations000Bb_
FNDA:1,_RNCNCNvNtNtCsbetyD5oBZpQ_11cogni_tools8registry5testss_30test_registry_basic_operations00B9_
FNDA:1,_RNCNvNtNtCsbetyD5oBZpQ_11cogni_tools8registry5testss_30test_registry_basic_operations0B7_
FNDA:1,_RINvMNtCsbetyD5oBZpQ_11cogni_tools8registryNtB3_12ToolRegistry8registerNtNtB5_8executor16FunctionExecutorEB5_
FNDA:5,_RINvMs0_NtCsbetyD5oBZpQ_11cogni_tools8registryNtB6_15RegistryBuilder9with_toolNtNtB8_8executor16FunctionExecutorEB8_
FNDA:1,_RNCINvMNtCsbetyD5oBZpQ_11cogni_tools8registryNtB5_12ToolRegistry8registerNtNtB7_8executor16FunctionExecutorE0B7_
FNDA:0,_RNCNCNvMNtCsbetyD5oBZpQ_11cogni_tools8registryNtB6_12ToolRegistry7execute00B8_
FNDA:1,_RNCNvMNtCsbetyD5oBZpQ_11cogni_tools8registryNtB4_12ToolRegistry10list_tools0B6_
FNDA:1,_RNCNvMNtCsbetyD5oBZpQ_11cogni_tools8registryNtB4_12ToolRegistry13register_many0B6_
FNDA:5,_RNCNvMNtCsbetyD5oBZpQ_11cogni_tools8registryNtB4_12ToolRegistry3get0B6_
FNDA:1,_RNCNvMNtCsbetyD5oBZpQ_11cogni_tools8registryNtB4_12ToolRegistry3len0B6_
FNDA:1,_RNCNvMNtCsbetyD5oBZpQ_11cogni_tools8registryNtB4_12ToolRegistry6remove0B6_
FNDA:1,_RNCNvMNtCsbetyD5oBZpQ_11cogni_tools8registryNtB4_12ToolRegistry7execute0B6_
FNDA:2,_RNCNvMNtCsbetyD5oBZpQ_11cogni_tools8registryNtB4_12ToolRegistry8contains0B6_
FNDA:1,_RNCNvMNtCsbetyD5oBZpQ_11cogni_tools8registryNtB4_12ToolRegistry8is_empty0B6_
FNDA:1,_RNCNvMs0_NtCsbetyD5oBZpQ_11cogni_tools8registryNtB7_15RegistryBuilder5build0B9_
FNDA:0,_RNCNCNvMNtCsbetyD5oBZpQ_11cogni_tools8registryNtB6_12ToolRegistry12execute_many00B8_
FNDA:0,_RNCNvMNtCsbetyD5oBZpQ_11cogni_tools8registryNtB4_12ToolRegistry10list_names0B6_
FNDA:0,_RNCNvMNtCsbetyD5oBZpQ_11cogni_tools8registryNtB4_12ToolRegistry12execute_many0B6_
FNDA:0,_RNCNvMNtCsbetyD5oBZpQ_11cogni_tools8registryNtB4_12ToolRegistry5clear0B6_
FNDA:0,_RNvMNtCsbetyD5oBZpQ_11cogni_tools8registryNtB2_12ToolRegistry10list_names
FNDA:0,_RNvMNtCsbetyD5oBZpQ_11cogni_tools8registryNtB2_12ToolRegistry12execute_many
FNDA:0,_RNvMNtCsbetyD5oBZpQ_11cogni_tools8registryNtB2_12ToolRegistry5clear
FNDA:0,_RNvMNtCsbetyD5oBZpQ_11cogni_tools8registryNtB2_12ToolRegistry7builder
FNDA:0,_RNvXs1_NtCsbetyD5oBZpQ_11cogni_tools8registryNtB5_15RegistryBuilderNtNtCsfvfooZQ3Axs_4core7default7Default7default
FNDA:0,_RNvXs_NtCsbetyD5oBZpQ_11cogni_tools8registryNtB4_12ToolRegistryNtNtCsfvfooZQ3Axs_4core7default7Default7default
FNDA:1,_RNvNtNtCsbetyD5oBZpQ_11cogni_tools8registry5testss_30test_registry_basic_operations
FNDA:1,_RNvMNtCsbetyD5oBZpQ_11cogni_tools8registryNtB2_12ToolRegistry10list_tools
FNDA:1,_RNvMNtCsbetyD5oBZpQ_11cogni_tools8registryNtB2_12ToolRegistry13register_many
FNDA:5,_RNvMNtCsbetyD5oBZpQ_11cogni_tools8registryNtB2_12ToolRegistry3get
FNDA:1,_RNvMNtCsbetyD5oBZpQ_11cogni_tools8registryNtB2_12ToolRegistry3len
FNDA:2,_RNvMNtCsbetyD5oBZpQ_11cogni_tools8registryNtB2_12ToolRegistry3new
FNDA:1,_RNvMNtCsbetyD5oBZpQ_11cogni_tools8registryNtB2_12ToolRegistry6remove
FNDA:1,_RNvMNtCsbetyD5oBZpQ_11cogni_tools8registryNtB2_12ToolRegistry7execute
FNDA:2,_RNvMNtCsbetyD5oBZpQ_11cogni_tools8registryNtB2_12ToolRegistry8contains
FNDA:1,_RNvMNtCsbetyD5oBZpQ_11cogni_tools8registryNtB2_12ToolRegistry8is_empty
FNDA:1,_RNvMs0_NtCsbetyD5oBZpQ_11cogni_tools8registryNtB5_15RegistryBuilder3new
FNDA:1,_RNvMs0_NtCsbetyD5oBZpQ_11cogni_tools8registryNtB5_15RegistryBuilder5build
FNDA:10,_RINvMNtCsaHsRlZ6Cj7k_11cogni_tools8registryNtB3_12ToolRegistry8registerNtNtB5_8executor16FunctionExecutorECskDMj0mycnZW_21tool_integration_test
FNDA:10,_RNCINvMNtCsaHsRlZ6Cj7k_11cogni_tools8registryNtB5_12ToolRegistry8registerNtNtB7_8executor16FunctionExecutorE0CskDMj0mycnZW_21tool_integration_test
FNDA:1,_RNCNCNvMNtCsaHsRlZ6Cj7k_11cogni_tools8registryNtB6_12ToolRegistry12execute_many00CskDMj0mycnZW_21tool_integration_test
FNDA:0,_RNCNCNvMNtCsaHsRlZ6Cj7k_11cogni_tools8registryNtB6_12ToolRegistry7execute00CskDMj0mycnZW_21tool_integration_test
FNDA:1,_RNCNvMNtCsaHsRlZ6Cj7k_11cogni_tools8registryNtB4_12ToolRegistry12execute_many0CskDMj0mycnZW_21tool_integration_test
FNDA:6,_RNCNvMNtCsaHsRlZ6Cj7k_11cogni_tools8registryNtB4_12ToolRegistry7execute0CskDMj0mycnZW_21tool_integration_test
FNDA:0,_RNvMNtCsaHsRlZ6Cj7k_11cogni_tools8registryNtB2_12ToolRegistry10list_names
FNDA:0,_RNvMNtCsaHsRlZ6Cj7k_11cogni_tools8registryNtB2_12ToolRegistry10list_tools
FNDA:1,_RNvMNtCsaHsRlZ6Cj7k_11cogni_tools8registryNtB2_12ToolRegistry12execute_many
FNDA:0,_RNvMNtCsaHsRlZ6Cj7k_11cogni_tools8registryNtB2_12ToolRegistry13register_many
FNDA:0,_RNvMNtCsaHsRlZ6Cj7k_11cogni_tools8registryNtB2_12ToolRegistry3get
FNDA:0,_RNvMNtCsaHsRlZ6Cj7k_11cogni_tools8registryNtB2_12ToolRegistry3len
FNDA:8,_RNvMNtCsaHsRlZ6Cj7k_11cogni_tools8registryNtB2_12ToolRegistry3new
FNDA:0,_RNvMNtCsaHsRlZ6Cj7k_11cogni_tools8registryNtB2_12ToolRegistry5clear
FNDA:0,_RNvMNtCsaHsRlZ6Cj7k_11cogni_tools8registryNtB2_12ToolRegistry6remove
FNDA:0,_RNvMNtCsaHsRlZ6Cj7k_11cogni_tools8registryNtB2_12ToolRegistry7builder
FNDA:8,_RNvMNtCsaHsRlZ6Cj7k_11cogni_tools8registryNtB2_12ToolRegistry7execute
FNDA:0,_RNvMNtCsaHsRlZ6Cj7k_11cogni_tools8registryNtB2_12ToolRegistry8contains
FNDA:0,_RNvMNtCsaHsRlZ6Cj7k_11cogni_tools8registryNtB2_12ToolRegistry8is_empty
FNDA:0,_RNvMs0_NtCsaHsRlZ6Cj7k_11cogni_tools8registryNtB5_15RegistryBuilder3new
FNDA:0,_RNvMs0_NtCsaHsRlZ6Cj7k_11cogni_tools8registryNtB5_15RegistryBuilder5build
FNDA:0,_RNvXs1_NtCsaHsRlZ6Cj7k_11cogni_tools8registryNtB5_15RegistryBuilderNtNtCsfvfooZQ3Axs_4core7default7Default7default
FNDA:0,_RNvXs_NtCsaHsRlZ6Cj7k_11cogni_tools8registryNtB4_12ToolRegistryNtNtCsfvfooZQ3Axs_4core7default7Default7default
FNDA:2,_RINvMNtCsaHsRlZ6Cj7k_11cogni_tools8registryNtB3_12ToolRegistry8registerNtNtB5_8executor16FunctionExecutorECscJLei9umsYl_19tool_streaming_test
FNDA:2,_RNCINvMNtCsaHsRlZ6Cj7k_11cogni_tools8registryNtB5_12ToolRegistry8registerNtNtB7_8executor16FunctionExecutorE0CscJLei9umsYl_19tool_streaming_test
FNDA:0,_RNCNCNvMNtCsaHsRlZ6Cj7k_11cogni_tools8registryNtB6_12ToolRegistry7execute00CscJLei9umsYl_19tool_streaming_test
FNDA:2,_RNCNvMNtCsaHsRlZ6Cj7k_11cogni_tools8registryNtB4_12ToolRegistry7execute0CscJLei9umsYl_19tool_streaming_test
FNF:38
FNH:30
DA:18,10
DA:19,10
DA:20,10
DA:21,10
DA:22,10
DA:25,0
DA:26,0
DA:27,0
DA:30,13
DA:31,13
DA:32,13
DA:34,13
DA:35,13
DA:36,13
DA:37,13
DA:38,13
DA:41,1
DA:42,1
DA:44,6
DA:45,5
DA:46,5
DA:47,5
DA:48,5
DA:50,1
DA:51,1
DA:54,5
DA:55,5
DA:56,5
DA:57,5
DA:60,1
DA:61,1
DA:63,1
DA:64,4
DA:65,4
DA:66,4
DA:67,1
DA:68,1
DA:71,0
DA:72,0
DA:74,0
DA:75,0
DA:76,0
DA:77,0
DA:80,9
DA:81,9
DA:83,9
DA:84,0
DA:85,9
DA:88,9
DA:89,9
DA:90,9
DA:91,9
DA:92,9
DA:93,9
DA:94,9
DA:97,1
DA:100,1
DA:101,1
DA:102,1
DA:105,1
DA:106,1
DA:107,1
DA:108,1
DA:111,0
DA:112,0
DA:113,0
DA:114,0
DA:117,2
DA:118,2
DA:119,2
DA:120,2
DA:123,1
DA:124,1
DA:125,1
DA:126,1
DA:129,1
DA:130,1
DA:131,1
DA:132,1
DA:136,0
DA:137,0
DA:138,0
DA:148,1
DA:149,1
DA:150,1
DA:151,1
DA:152,1
DA:155,5
DA:156,5
DA:157,5
DA:158,5
DA:161,1
DA:162,1
DA:163,1
DA:164,1
DA:165,1
DA:169,0
DA:170,0
DA:171,0
DA:181,1
DA:182,1
DA:183,1
DA:184,1
DA:185,1
DA:186,1
DA:187,1
DA:188,1
DA:189,1
DA:190,1
DA:191,1
DA:192,1
DA:193,1
DA:194,1
DA:195,1
DA:196,1
DA:197,1
DA:198,1
DA:199,1
DA:200,1
DA:201,1
DA:202,1
DA:203,1
DA:204,1
DA:205,1
DA:206,1
DA:207,1
DA:208,1
DA:209,1
DA:210,1
DA:211,1
DA:212,1
DA:213,1
DA:214,1
DA:215,1
DA:216,1
DA:217,1
DA:218,1
DA:219,1
DA:220,1
DA:221,1
DA:222,1
DA:223,1
BRF:0
BRH:0
LF:198
LH:174
end_of_record
SF:/Users/jkh/Code/ai/cogni/cogni-tools/src/validation.rs
FN:231,_RINvMs1_NtCsaHsRlZ6Cj7k_11cogni_tools10validationNtB6_22ParameterSchemaBuilder15string_requiredReB1v_EB8_
FN:249,_RINvMs1_NtCsaHsRlZ6Cj7k_11cogni_tools10validationNtB6_22ParameterSchemaBuilder6numberReB1l_EB8_
FN:218,_RINvMs1_NtCsaHsRlZ6Cj7k_11cogni_tools10validationNtB6_22ParameterSchemaBuilder6stringReB1l_EB8_
FN:28,_RNCNvMNtCsaHsRlZ6Cj7k_11cogni_tools10validationNtB4_19JsonSchemaValidator14validate_value0B6_
FN:67,_RNCNvMNtCsaHsRlZ6Cj7k_11cogni_tools10validationNtB4_19JsonSchemaValidator14validate_values0_0B6_
FN:95,_RNCNvMNtCsaHsRlZ6Cj7k_11cogni_tools10validationNtB4_19JsonSchemaValidator14validate_values1_0B6_
FN:103,_RNCNvMNtCsaHsRlZ6Cj7k_11cogni_tools10validationNtB4_19JsonSchemaValidator14validate_values2_0B6_
FN:115,_RNCNvMNtCsaHsRlZ6Cj7k_11cogni_tools10validationNtB4_19JsonSchemaValidator14validate_values3_0B6_
FN:125,_RNCNvMNtCsaHsRlZ6Cj7k_11cogni_tools10validationNtB4_19JsonSchemaValidator14validate_values4_0B6_
FN:135,_RNCNvMNtCsaHsRlZ6Cj7k_11cogni_tools10validationNtB4_19JsonSchemaValidator14validate_values5_0B6_
FN:148,_RNCNvMNtCsaHsRlZ6Cj7k_11cogni_tools10validationNtB4_19JsonSchemaValidator14validate_values6_0B6_
FN:53,_RNCNvMNtCsaHsRlZ6Cj7k_11cogni_tools10validationNtB4_19JsonSchemaValidator14validate_values_0B6_
FN:275,_RINvMs1_NtCsaHsRlZ6Cj7k_11cogni_tools10validationNtB6_22ParameterSchemaBuilder5arrayppEB8_
FN:262,_RINvMs1_NtCsaHsRlZ6Cj7k_11cogni_tools10validationNtB6_22ParameterSchemaBuilder7booleanppEB8_
FN:275,_RINvMs1_NtCsbetyD5oBZpQ_11cogni_tools10validationNtB6_22ParameterSchemaBuilder5arrayppEB8_
FN:193,_RNvNtCsbetyD5oBZpQ_11cogni_tools10validation13validate_args
FN:160,_RNvXs_NtCsbetyD5oBZpQ_11cogni_tools10validationNtB4_19JsonSchemaValidatorNtNtCsfvfooZQ3Axs_4core7default7Default7default
FN:23,_RNvMNtCsbetyD5oBZpQ_11cogni_tools10validationNtB2_19JsonSchemaValidator14validate_value
FN:17,_RNvMNtCsbetyD5oBZpQ_11cogni_tools10validationNtB2_19JsonSchemaValidator3new
FN:294,_RNvMs1_NtCsbetyD5oBZpQ_11cogni_tools10validationNtB5_22ParameterSchemaBuilder21additional_properties
FN:213,_RNvMs1_NtCsbetyD5oBZpQ_11cogni_tools10validationNtB5_22ParameterSchemaBuilder3new
FN:300,_RNvMs1_NtCsbetyD5oBZpQ_11cogni_tools10validationNtB5_22ParameterSchemaBuilder5build
FN:199,_RNvNtCsbetyD5oBZpQ_11cogni_tools10validation12param_schema
FN:181,_RNvNtCsbetyD5oBZpQ_11cogni_tools10validation15value_type_name
FN:166,_RNvXs0_NtCsbetyD5oBZpQ_11cogni_tools10validationNtB5_19JsonSchemaValidatorNtB5_13ToolValidator8validate
FN:231,_RINvMs1_NtCsbetyD5oBZpQ_11cogni_tools10validationNtB6_22ParameterSchemaBuilder15string_requiredReB1v_EB8_
FN:249,_RINvMs1_NtCsbetyD5oBZpQ_11cogni_tools10validationNtB6_22ParameterSchemaBuilder6numberReB1l_EB8_
FN:218,_RINvMs1_NtCsbetyD5oBZpQ_11cogni_tools10validationNtB6_22ParameterSchemaBuilder6stringReB1l_EB8_
FN:262,_RINvMs1_NtCsbetyD5oBZpQ_11cogni_tools10validationNtB6_22ParameterSchemaBuilder7booleanReB1m_EB8_
FN:28,_RNCNvMNtCsbetyD5oBZpQ_11cogni_tools10validationNtB4_19JsonSchemaValidator14validate_value0B6_
FN:67,_RNCNvMNtCsbetyD5oBZpQ_11cogni_tools10validationNtB4_19JsonSchemaValidator14validate_values0_0B6_
FN:95,_RNCNvMNtCsbetyD5oBZpQ_11cogni_tools10validationNtB4_19JsonSchemaValidator14validate_values1_0B6_
FN:103,_RNCNvMNtCsbetyD5oBZpQ_11cogni_tools10validationNtB4_19JsonSchemaValidator14validate_values2_0B6_
FN:115,_RNCNvMNtCsbetyD5oBZpQ_11cogni_tools10validationNtB4_19JsonSchemaValidator14validate_values3_0B6_
FN:125,_RNCNvMNtCsbetyD5oBZpQ_11cogni_tools10validationNtB4_19JsonSchemaValidator14validate_values4_0B6_
FN:135,_RNCNvMNtCsbetyD5oBZpQ_11cogni_tools10validationNtB4_19JsonSchemaValidator14validate_values5_0B6_
FN:148,_RNCNvMNtCsbetyD5oBZpQ_11cogni_tools10validationNtB4_19JsonSchemaValidator14validate_values6_0B6_
FN:53,_RNCNvMNtCsbetyD5oBZpQ_11cogni_tools10validationNtB4_19JsonSchemaValidator14validate_values_0B6_
FN:325,_RNvNtNtCsbetyD5oBZpQ_11cogni_tools10validation5testss_15test_validation
FN:351,_RNvNtNtCsbetyD5oBZpQ_11cogni_tools10validation5testss_19test_schema_builder
FN:23,_RNvMNtCsaHsRlZ6Cj7k_11cogni_tools10validationNtB2_19JsonSchemaValidator14validate_value
FN:17,_RNvMNtCsaHsRlZ6Cj7k_11cogni_tools10validationNtB2_19JsonSchemaValidator3new
FN:294,_RNvMs1_NtCsaHsRlZ6Cj7k_11cogni_tools10validationNtB5_22ParameterSchemaBuilder21additional_properties
FN:213,_RNvMs1_NtCsaHsRlZ6Cj7k_11cogni_tools10validationNtB5_22ParameterSchemaBuilder3new
FN:300,_RNvMs1_NtCsaHsRlZ6Cj7k_11cogni_tools10validationNtB5_22ParameterSchemaBuilder5build
FN:199,_RNvNtCsaHsRlZ6Cj7k_11cogni_tools10validation12param_schema
FN:193,_RNvNtCsaHsRlZ6Cj7k_11cogni_tools10validation13validate_args
FN:181,_RNvNtCsaHsRlZ6Cj7k_11cogni_tools10validation15value_type_name
FN:166,_RNvXs0_NtCsaHsRlZ6Cj7k_11cogni_tools10validationNtB5_19JsonSchemaValidatorNtB5_13ToolValidator8validate
FN:160,_RNvXs_NtCsaHsRlZ6Cj7k_11cogni_tools10validationNtB4_19JsonSchemaValidatorNtNtCsfvfooZQ3Axs_4core7default7Default7default
FNDA:1,_RINvMs1_NtCsaHsRlZ6Cj7k_11cogni_tools10validationNtB6_22ParameterSchemaBuilder15string_requiredReB1v_EB8_
FNDA:2,_RINvMs1_NtCsaHsRlZ6Cj7k_11cogni_tools10validationNtB6_22ParameterSchemaBuilder6numberReB1l_EB8_
FNDA:0,_RINvMs1_NtCsaHsRlZ6Cj7k_11cogni_tools10validationNtB6_22ParameterSchemaBuilder6stringReB1l_EB8_
FNDA:0,_RNCNvMNtCsaHsRlZ6Cj7k_11cogni_tools10validationNtB4_19JsonSchemaValidator14validate_value0B6_
FNDA:0,_RNCNvMNtCsaHsRlZ6Cj7k_11cogni_tools10validationNtB4_19JsonSchemaValidator14validate_values0_0B6_
FNDA:0,_RNCNvMNtCsaHsRlZ6Cj7k_11cogni_tools10validationNtB4_19JsonSchemaValidator14validate_values1_0B6_
FNDA:0,_RNCNvMNtCsaHsRlZ6Cj7k_11cogni_tools10validationNtB4_19JsonSchemaValidator14validate_values2_0B6_
FNDA:0,_RNCNvMNtCsaHsRlZ6Cj7k_11cogni_tools10validationNtB4_19JsonSchemaValidator14validate_values3_0B6_
FNDA:0,_RNCNvMNtCsaHsRlZ6Cj7k_11cogni_tools10validationNtB4_19JsonSchemaValidator14validate_values4_0B6_
FNDA:0,_RNCNvMNtCsaHsRlZ6Cj7k_11cogni_tools10validationNtB4_19JsonSchemaValidator14validate_values5_0B6_
FNDA:0,_RNCNvMNtCsaHsRlZ6Cj7k_11cogni_tools10validationNtB4_19JsonSchemaValidator14validate_values6_0B6_
FNDA:0,_RNCNvMNtCsaHsRlZ6Cj7k_11cogni_tools10validationNtB4_19JsonSchemaValidator14validate_values_0B6_
FNDA:0,_RINvMs1_NtCsaHsRlZ6Cj7k_11cogni_tools10validationNtB6_22ParameterSchemaBuilder5arrayppEB8_
FNDA:0,_RINvMs1_NtCsaHsRlZ6Cj7k_11cogni_tools10validationNtB6_22ParameterSchemaBuilder7booleanppEB8_
FNDA:0,_RINvMs1_NtCsbetyD5oBZpQ_11cogni_tools10validationNtB6_22ParameterSchemaBuilder5arrayppEB8_
FNDA:0,_RNvNtCsbetyD5oBZpQ_11cogni_tools10validation13validate_args
FNDA:0,_RNvXs_NtCsbetyD5oBZpQ_11cogni_tools10validationNtB4_19JsonSchemaValidatorNtNtCsfvfooZQ3Axs_4core7default7Default7default
FNDA:8,_RNvMNtCsbetyD5oBZpQ_11cogni_tools10validationNtB2_19JsonSchemaValidator14validate_value
FNDA:1,_RNvMNtCsbetyD5oBZpQ_11cogni_tools10validationNtB2_19JsonSchemaValidator3new
FNDA:3,_RNvMs1_NtCsbetyD5oBZpQ_11cogni_tools10validationNtB5_22ParameterSchemaBuilder21additional_properties
FNDA:18,_RNvMs1_NtCsbetyD5oBZpQ_11cogni_tools10validationNtB5_22ParameterSchemaBuilder3new
FNDA:18,_RNvMs1_NtCsbetyD5oBZpQ_11cogni_tools10validationNtB5_22ParameterSchemaBuilder5build
FNDA:18,_RNvNtCsbetyD5oBZpQ_11cogni_tools10validation12param_schema
FNDA:1,_RNvNtCsbetyD5oBZpQ_11cogni_tools10validation15value_type_name
FNDA:3,_RNvXs0_NtCsbetyD5oBZpQ_11cogni_tools10validationNtB5_19JsonSchemaValidatorNtB5_13ToolValidator8validate
FNDA:21,_RINvMs1_NtCsbetyD5oBZpQ_11cogni_tools10validationNtB6_22ParameterSchemaBuilder15string_requiredReB1v_EB8_
FNDA:23,_RINvMs1_NtCsbetyD5oBZpQ_11cogni_tools10validationNtB6_22ParameterSchemaBuilder6numberReB1l_EB8_
FNDA:9,_RINvMs1_NtCsbetyD5oBZpQ_11cogni_tools10validationNtB6_22ParameterSchemaBuilder6stringReB1l_EB8_
FNDA:1,_RINvMs1_NtCsbetyD5oBZpQ_11cogni_tools10validationNtB6_22ParameterSchemaBuilder7booleanReB1m_EB8_
FNDA:8,_RNCNvMNtCsbetyD5oBZpQ_11cogni_tools10validationNtB4_19JsonSchemaValidator14validate_value0B6_
FNDA:3,_RNCNvMNtCsbetyD5oBZpQ_11cogni_tools10validationNtB4_19JsonSchemaValidator14validate_values0_0B6_
FNDA:2,_RNCNvMNtCsbetyD5oBZpQ_11cogni_tools10validationNtB4_19JsonSchemaValidator14validate_values1_0B6_
FNDA:0,_RNCNvMNtCsbetyD5oBZpQ_11cogni_tools10validationNtB4_19JsonSchemaValidator14validate_values2_0B6_
FNDA:0,_RNCNvMNtCsbetyD5oBZpQ_11cogni_tools10validationNtB4_19JsonSchemaValidator14validate_values3_0B6_
FNDA:0,_RNCNvMNtCsbetyD5oBZpQ_11cogni_tools10validationNtB4_19JsonSchemaValidator14validate_values4_0B6_
FNDA:0,_RNCNvMNtCsbetyD5oBZpQ_11cogni_tools10validationNtB4_19JsonSchemaValidator14validate_values5_0B6_
FNDA:0,_RNCNvMNtCsbetyD5oBZpQ_11cogni_tools10validationNtB4_19JsonSchemaValidator14validate_values6_0B6_
FNDA:3,_RNCNvMNtCsbetyD5oBZpQ_11cogni_tools10validationNtB4_19JsonSchemaValidator14validate_values_0B6_
FNDA:1,_RNvNtNtCsbetyD5oBZpQ_11cogni_tools10validation5testss_15test_validation
FNDA:1,_RNvNtNtCsbetyD5oBZpQ_11cogni_tools10validation5testss_19test_schema_builder
FNDA:0,_RNvMNtCsaHsRlZ6Cj7k_11cogni_tools10validationNtB2_19JsonSchemaValidator14validate_value
FNDA:0,_RNvMNtCsaHsRlZ6Cj7k_11cogni_tools10validationNtB2_19JsonSchemaValidator3new
FNDA:0,_RNvMs1_NtCsaHsRlZ6Cj7k_11cogni_tools10validationNtB5_22ParameterSchemaBuilder21additional_properties
FNDA:1,_RNvMs1_NtCsaHsRlZ6Cj7k_11cogni_tools10validationNtB5_22ParameterSchemaBuilder3new
FNDA:1,_RNvMs1_NtCsaHsRlZ6Cj7k_11cogni_tools10validationNtB5_22ParameterSchemaBuilder5build
FNDA:1,_RNvNtCsaHsRlZ6Cj7k_11cogni_tools10validation12param_schema
FNDA:0,_RNvNtCsaHsRlZ6Cj7k_11cogni_tools10validation13validate_args
FNDA:0,_RNvNtCsaHsRlZ6Cj7k_11cogni_tools10validation15value_type_name
FNDA:0,_RNvXs0_NtCsaHsRlZ6Cj7k_11cogni_tools10validationNtB5_19JsonSchemaValidatorNtB5_13ToolValidator8validate
FNDA:0,_RNvXs_NtCsaHsRlZ6Cj7k_11cogni_tools10validationNtB4_19JsonSchemaValidatorNtNtCsfvfooZQ3Axs_4core7default7Default7default
FNF:26
FNH:18
DA:17,1
DA:18,1
DA:19,1
DA:23,8
DA:24,8
DA:26,8
DA:28,8
DA:29,8
DA:30,8
DA:31,6
DA:32,3
DA:33,3
DA:34,3
DA:35,3
DA:36,0
DA:37,1
DA:38,1
DA:39,1
DA:40,1
DA:41,1
DA:42,1
DA:43,1
DA:44,1
DA:46,0
DA:49,8
DA:50,3
DA:53,3
DA:54,6
DA:55,3
DA:56,3
DA:57,1
DA:58,1
DA:59,1
DA:60,1
DA:61,2
DA:62,0
DA:64,0
DA:67,3
DA:68,8
DA:69,5
DA:70,5
DA:71,5
DA:73,0
DA:75,5
DA:76,0
DA:77,0
DA:78,0
DA:79,0
DA:80,0
DA:82,0
DA:83,5
DA:86,8
DA:87,0
DA:88,0
DA:89,0
DA:91,8
DA:94,8
DA:95,2
DA:96,2
DA:97,0
DA:98,0
DA:99,0
DA:100,0
DA:101,2
DA:102,0
DA:103,2
DA:104,0
DA:105,0
DA:106,0
DA:107,0
DA:108,0
DA:109,0
DA:110,2
DA:111,6
DA:114,8
DA:115,3
DA:116,0
DA:117,0
DA:118,0
DA:119,0
DA:120,0
DA:121,0
DA:122,0
DA:123,0
DA:124,3
DA:125,3
DA:126,0
DA:127,0
DA:128,0
DA:129,0
DA:130,0
DA:131,0
DA:132,0
DA:133,0
DA:134,3
DA:135,3
DA:136,0
DA:137,0
DA:138,0
DA:139,0
DA:140,0
DA:141,0
DA:142,0
DA:143,0
DA:144,3
DA:145,5
DA:148,8
DA:149,0
DA:150,0
DA:151,0
DA:152,8
DA:153,0
DA:155,8
DA:156,8
DA:160,0
DA:161,0
DA:162,0
DA:166,3
DA:167,3
DA:169,3
DA:170,2
DA:171,2
DA:172,2
DA:173,2
DA:174,1
DA:175,1
DA:176,1
DA:177,3
DA:181,1
DA:182,1
DA:183,0
DA:184,0
DA:185,0
DA:186,1
DA:187,0
DA:188,0
DA:190,1
DA:193,0
DA:194,0
DA:195,0
DA:196,0
DA:199,19
DA:200,19
DA:201,19
DA:213,19
DA:214,19
DA:215,19
DA:218,9
DA:219,9
DA:220,9
DA:221,9
DA:222,9
DA:223,9
DA:224,9
DA:225,9
DA:226,9
DA:227,9
DA:228,9
DA:231,22
DA:232,22
DA:233,22
DA:234,22
DA:235,22
DA:236,22
DA:237,22
DA:238,22
DA:239,22
DA:240,22
DA:241,22
DA:242,22
DA:243,22
DA:244,22
DA:245,22
DA:246,22
DA:249,25
DA:250,25
DA:251,25
DA:252,25
DA:253,25
DA:254,25
DA:255,25
DA:256,25
DA:257,25
DA:258,25
DA:259,25
DA:262,1
DA:263,1
DA:264,1
DA:265,1
DA:266,1
DA:267,1
DA:268,1
DA:269,1
DA:270,1
DA:271,1
DA:272,1
DA:275,0
DA:276,0
DA:277,0
DA:278,0
DA:279,0
DA:280,0
DA:281,0
DA:282,0
DA:283,0
DA:284,0
DA:285,0
DA:286,0
DA:287,0
DA:288,0
DA:289,0
DA:290,0
DA:291,0
DA:294,3
DA:295,3
DA:296,3
DA:297,3
DA:300,19
DA:301,19
DA:302,19
DA:303,19
DA:304,19
DA:305,19
DA:306,19
DA:307,19
DA:308,19
DA:309,19
DA:311,19
DA:312,3
DA:313,16
DA:315,19
DA:316,19
DA:325,1
DA:326,1
DA:327,1
DA:328,1
DA:329,1
DA:330,1
DA:331,1
DA:332,1
DA:333,1
DA:334,1
DA:335,1
DA:336,1
DA:337,1
DA:338,1
DA:339,1
DA:342,1
DA:343,1
DA:346,1
DA:347,1
DA:348,1
DA:351,1
DA:352,1
DA:353,1
DA:354,1
DA:355,1
DA:356,1
DA:357,1
DA:358,1
DA:359,1
DA:360,1
DA:361,1
DA:362,1
DA:363,1
BRF:0
BRH:0
LF:274
LH:187
end_of_record